#
# There is insufficient memory for the Java Runtime Environment to continue.
# Native memory allocation (mmap) failed to map 85983232 bytes for committing reserved memory.
# Possible reasons:
#   The system is out of physical RAM or swap space
#   In 32 bit mode, the process size limit was hit
# Possible solutions:
#   Reduce memory load on the system
#   Increase physical memory or swap space
#   Check if swap backing store is full
#   Use 64 bit Java on a 64 bit OS
#   Decrease Java heap size (-Xmx/-Xms)
#   Decrease number of Java threads
#   Decrease Java thread stack sizes (-Xss)
#   Set larger code cache with -XX:ReservedCodeCacheSize=
# This output file may be truncated or incomplete.
#
#  Out of Memory Error (os_linux.cpp:2627), pid=7741, tid=140294829864704
#
# JRE version: Java(TM) SE Runtime Environment (8.0_77-b03) (build 1.8.0_77-b03)
# Java VM: Java HotSpot(TM) 64-Bit Server VM (25.77-b03 mixed mode linux-amd64 compressed oops)
# Failed to write core dump. Core dumps have been disabled. To enable core dumping, try "ulimit -c unlimited" before starting Java again
#

---------------  T H R E A D  ---------------

Current thread (0x00007f990413f000):  VMThread [stack: 0x00007f98ef6f7000,0x00007f98ef7f8000] [id=7747]

Stack: [0x00007f98ef6f7000,0x00007f98ef7f8000],  sp=0x00007f98ef7f6260,  free space=1020k
Native frames: (J=compiled Java code, j=interpreted, Vv=VM code, C=native code)
V  [libjvm.so+0xaba7ea]  VMError::report_and_die()+0x2ba
V  [libjvm.so+0x4f9e3b]  report_vm_out_of_memory(char const*, int, unsigned long, VMErrorType, char const*)+0x8b
V  [libjvm.so+0x91b613]  os::Linux::commit_memory_impl(char*, unsigned long, bool)+0x103
V  [libjvm.so+0x91bb69]  os::pd_commit_memory(char*, unsigned long, unsigned long, bool)+0x29
V  [libjvm.so+0x915e6a]  os::commit_memory(char*, unsigned long, unsigned long, bool)+0x2a
V  [libjvm.so+0x989543]  PSVirtualSpace::expand_by(unsigned long)+0x53
V  [libjvm.so+0x98a948]  PSYoungGen::resize_generation(unsigned long, unsigned long)+0xf8
V  [libjvm.so+0x989aa2]  PSYoungGen::resize(unsigned long, unsigned long)+0x22
V  [libjvm.so+0x986d7b]  PSScavenge::invoke_no_policy()+0xf3b
V  [libjvm.so+0x987501]  PSScavenge::invoke()+0x41
V  [libjvm.so+0x93f300]  ParallelScavengeHeap::failed_mem_allocate(unsigned long)+0x70
V  [libjvm.so+0xabc207]  VM_ParallelGCFailedAllocation::doit()+0x97
V  [libjvm.so+0xac3c35]  VM_Operation::evaluate()+0x55
V  [libjvm.so+0xac200a]  VMThread::evaluate_operation(VM_Operation*)+0xba
V  [libjvm.so+0xac238e]  VMThread::loop()+0x1ce
V  [libjvm.so+0xac2800]  VMThread::run()+0x70
V  [libjvm.so+0x91d9d8]  java_start(Thread*)+0x108

VM_Operation (0x00007f990dc18940): ParallelGCFailedAllocation, mode: safepoint, requested by thread 0x00007f990400a000


---------------  P R O C E S S  ---------------

Java Threads: ( => current thread )
  0x00007f9904187000 JavaThread "Service Thread" daemon [_thread_blocked, id=7754, stack(0x00007f98ee90e000,0x00007f98eea0f000)]
  0x00007f9904184000 JavaThread "C1 CompilerThread2" daemon [_thread_blocked, id=7753, stack(0x00007f98eea0f000,0x00007f98eeb10000)]
  0x00007f9904182000 JavaThread "C2 CompilerThread1" daemon [_thread_blocked, id=7752, stack(0x00007f98eeb10000,0x00007f98eec11000)]
  0x00007f990417f800 JavaThread "C2 CompilerThread0" daemon [_thread_blocked, id=7751, stack(0x00007f98eec11000,0x00007f98eed12000)]
  0x00007f990417e000 JavaThread "Signal Dispatcher" daemon [_thread_blocked, id=7750, stack(0x00007f98eed12000,0x00007f98eee13000)]
  0x00007f990414b000 JavaThread "Finalizer" daemon [_thread_blocked, id=7749, stack(0x00007f98ef4f5000,0x00007f98ef5f6000)]
  0x00007f9904146800 JavaThread "Reference Handler" daemon [_thread_blocked, id=7748, stack(0x00007f98ef5f6000,0x00007f98ef6f7000)]
  0x00007f990400a000 JavaThread "main" [_thread_blocked, id=7742, stack(0x00007f990db1c000,0x00007f990dc1d000)]

Other Threads:
=>0x00007f990413f000 VMThread [stack: 0x00007f98ef6f7000,0x00007f98ef7f8000] [id=7747]
  0x00007f990418a000 WatcherThread [stack: 0x00007f98ee80d000,0x00007f98ee90e000] [id=7755]

VM state:at safepoint (normal execution)

VM Mutex/Monitor currently owned by a thread:  ([mutex/lock_event])
[0x00007f99040060b0] Threads_lock - owner thread: 0x00007f990413f000
[0x00007f99040065b0] Heap_lock - owner thread: 0x00007f990400a000

Heap:
 PSYoungGen      total 210432K, used 9205K [0x00000000ebf00000, 0x00000000f9600000, 0x0000000100000000)
  eden space 201216K, 0% used [0x00000000ebf00000,0x00000000ebf00000,0x00000000f8380000)
  from space 9216K, 99% used [0x00000000f8380000,0x00000000f8c7d440,0x00000000f8c80000)
  to   space 8704K, 0% used [0x00000000f8c80000,0x00000000f8c80000,0x00000000f9500000)
 ParOldGen       total 35840K, used 18938K [0x00000000c3c00000, 0x00000000c5f00000, 0x00000000ebf00000)
  object space 35840K, 52% used [0x00000000c3c00000,0x00000000c4e7eb98,0x00000000c5f00000)
 Metaspace       used 32414K, capacity 32798K, committed 33152K, reserved 1079296K
  class space    used 4088K, capacity 4194K, committed 4224K, reserved 1048576K

Card table byte_map: [0x00007f990a6f6000,0x00007f990a8d9000] byte_map_base: 0x00007f990a0d8000

Marking Bits: (ParMarkBitMap*) 0x00007f990cfee100
 Begin Bits: [0x00007f9908390000, 0x00007f99092a0000)
 End Bits:   [0x00007f99092a0000, 0x00007f990a1b0000)

Polling page: 0x00007f990dc35000

CodeCache: size=245760Kb used=14987Kb max_used=15028Kb free=230772Kb
 bounds [0x00007f98f5000000, 0x00007f98f5ec0000, 0x00007f9904000000]
 total_blobs=4723 nmethods=4282 adapters=353
 compilation: enabled

Compilation events (10 events):
Event: 71,987 Thread 0x00007f9904184000 nmethod 4369 0x00007f98f5e9ba10 code [0x00007f98f5e9bbc0, 0x00007f98f5e9c2b8]
Event: 71,987 Thread 0x00007f9904184000 4370       1       org.hibernate.persister.entity.AbstractEntityPersister::getSubclassColumnClosure (5 bytes)
Event: 71,988 Thread 0x00007f9904184000 nmethod 4370 0x00007f98f5e9b750 code [0x00007f98f5e9b8a0, 0x00007f98f5e9b9b0]
Event: 72,038 Thread 0x00007f9904184000 4371       3       java.util.ArrayDeque::<init> (14 bytes)
Event: 72,039 Thread 0x00007f9904184000 nmethod 4371 0x00007f98f5e9fad0 code [0x00007f98f5e9fc40, 0x00007f98f5e9fef0]
Event: 72,041 Thread 0x00007f9904184000 4372       1       org.hibernate.loader.plan.build.internal.spaces.AbstractQuerySpace::getUid (5 bytes)
Event: 72,041 Thread 0x00007f9904184000 nmethod 4372 0x00007f98f5163e10 code [0x00007f98f5163f60, 0x00007f98f5164070]
Event: 72,043 Thread 0x00007f9904184000 4373       3       org.hibernate.internal.util.StringHelper::repeat (38 bytes)
Event: 72,044 Thread 0x00007f9904184000 nmethod 4373 0x00007f98f5133e50 code [0x00007f98f5134020, 0x00007f98f51347b8]
Event: 72,044 Thread 0x00007f9904184000 4376       3       org.hibernate.loader.PropertyPath::<init> (117 bytes)

GC Heap History (10 events):
Event: 2,528 GC heap after
Heap after GC invocations=7 (full 0):
 PSYoungGen      total 69120K, used 5446K [0x00000000ebf00000, 0x00000000f4700000, 0x0000000100000000)
  eden space 62976K, 0% used [0x00000000ebf00000,0x00000000ebf00000,0x00000000efc80000)
  from space 6144K, 88% used [0x00000000efc80000,0x00000000f01d1b40,0x00000000f0280000)
  to   space 6656K, 0% used [0x00000000f4080000,0x00000000f4080000,0x00000000f4700000)
 ParOldGen       total 42496K, used 5665K [0x00000000c3c00000, 0x00000000c6580000, 0x00000000ebf00000)
  object space 42496K, 13% used [0x00000000c3c00000,0x00000000c4188448,0x00000000c6580000)
 Metaspace       used 12224K, capacity 12388K, committed 12544K, reserved 1060864K
  class space    used 1452K, capacity 1518K, committed 1536K, reserved 1048576K
}
Event: 2,845 GC heap before
{Heap before GC invocations=8 (full 0):
 PSYoungGen      total 69120K, used 68422K [0x00000000ebf00000, 0x00000000f4700000, 0x0000000100000000)
  eden space 62976K, 100% used [0x00000000ebf00000,0x00000000efc80000,0x00000000efc80000)
  from space 6144K, 88% used [0x00000000efc80000,0x00000000f01d1b40,0x00000000f0280000)
  to   space 6656K, 0% used [0x00000000f4080000,0x00000000f4080000,0x00000000f4700000)
 ParOldGen       total 42496K, used 5665K [0x00000000c3c00000, 0x00000000c6580000, 0x00000000ebf00000)
  object space 42496K, 13% used [0x00000000c3c00000,0x00000000c4188448,0x00000000c6580000)
 Metaspace       used 12793K, capacity 12976K, committed 13184K, reserved 1060864K
  class space    used 1528K, capacity 1584K, committed 1664K, reserved 1048576K
Event: 2,863 GC heap after
Heap after GC invocations=8 (full 0):
 PSYoungGen      total 132608K, used 4627K [0x00000000ebf00000, 0x00000000f4700000, 0x0000000100000000)
  eden space 125952K, 0% used [0x00000000ebf00000,0x00000000ebf00000,0x00000000f3a00000)
  from space 6656K, 69% used [0x00000000f4080000,0x00000000f4504dd8,0x00000000f4700000)
  to   space 6656K, 0% used [0x00000000f3a00000,0x00000000f3a00000,0x00000000f4080000)
 ParOldGen       total 42496K, used 6205K [0x00000000c3c00000, 0x00000000c6580000, 0x00000000ebf00000)
  object space 42496K, 14% used [0x00000000c3c00000,0x00000000c420f7a8,0x00000000c6580000)
 Metaspace       used 12793K, capacity 12976K, committed 13184K, reserved 1060864K
  class space    used 1528K, capacity 1584K, committed 1664K, reserved 1048576K
}
Event: 4,123 GC heap before
{Heap before GC invocations=9 (full 0):
 PSYoungGen      total 132608K, used 130579K [0x00000000ebf00000, 0x00000000f4700000, 0x0000000100000000)
  eden space 125952K, 100% used [0x00000000ebf00000,0x00000000f3a00000,0x00000000f3a00000)
  from space 6656K, 69% used [0x00000000f4080000,0x00000000f4504dd8,0x00000000f4700000)
  to   space 6656K, 0% used [0x00000000f3a00000,0x00000000f3a00000,0x00000000f4080000)
 ParOldGen       total 42496K, used 6205K [0x00000000c3c00000, 0x00000000c6580000, 0x00000000ebf00000)
  object space 42496K, 14% used [0x00000000c3c00000,0x00000000c420f7a8,0x00000000c6580000)
 Metaspace       used 16015K, capacity 16192K, committed 16384K, reserved 1062912K
  class space    used 1973K, capacity 2008K, committed 2048K, reserved 1048576K
Event: 4,142 GC heap after
Heap after GC invocations=9 (full 0):
 PSYoungGen      total 132608K, used 6647K [0x00000000ebf00000, 0x00000000f9500000, 0x0000000100000000)
  eden space 125952K, 0% used [0x00000000ebf00000,0x00000000ebf00000,0x00000000f3a00000)
  from space 6656K, 99% used [0x00000000f3a00000,0x00000000f407dca0,0x00000000f4080000)
  to   space 8704K, 0% used [0x00000000f8c80000,0x00000000f8c80000,0x00000000f9500000)
 ParOldGen       total 42496K, used 9313K [0x00000000c3c00000, 0x00000000c6580000, 0x00000000ebf00000)
  object space 42496K, 21% used [0x00000000c3c00000,0x00000000c4518408,0x00000000c6580000)
 Metaspace       used 16015K, capacity 16192K, committed 16384K, reserved 1062912K
  class space    used 1973K, capacity 2008K, committed 2048K, reserved 1048576K
}
Event: 5,051 GC heap before
{Heap before GC invocations=10 (full 0):
 PSYoungGen      total 132608K, used 84482K [0x00000000ebf00000, 0x00000000f9500000, 0x0000000100000000)
  eden space 125952K, 61% used [0x00000000ebf00000,0x00000000f0b02e10,0x00000000f3a00000)
  from space 6656K, 99% used [0x00000000f3a00000,0x00000000f407dca0,0x00000000f4080000)
  to   space 8704K, 0% used [0x00000000f8c80000,0x00000000f8c80000,0x00000000f9500000)
 ParOldGen       total 42496K, used 9313K [0x00000000c3c00000, 0x00000000c6580000, 0x00000000ebf00000)
  object space 42496K, 21% used [0x00000000c3c00000,0x00000000c4518408,0x00000000c6580000)
 Metaspace       used 20797K, capacity 20994K, committed 21296K, reserved 1069056K
  class space    used 2562K, capacity 2622K, committed 2688K, reserved 1048576K
Event: 5,072 GC heap after
Heap after GC invocations=10 (full 0):
 PSYoungGen      total 209920K, used 7538K [0x00000000ebf00000, 0x00000000f9600000, 0x0000000100000000)
  eden space 201216K, 0% used [0x00000000ebf00000,0x00000000ebf00000,0x00000000f8380000)
  from space 8704K, 86% used [0x00000000f8c80000,0x00000000f93dc840,0x00000000f9500000)
  to   space 9216K, 0% used [0x00000000f8380000,0x00000000f8380000,0x00000000f8c80000)
 ParOldGen       total 42496K, used 11118K [0x00000000c3c00000, 0x00000000c6580000, 0x00000000ebf00000)
  object space 42496K, 26% used [0x00000000c3c00000,0x00000000c46db818,0x00000000c6580000)
 Metaspace       used 20797K, capacity 20994K, committed 21296K, reserved 1069056K
  class space    used 2562K, capacity 2622K, committed 2688K, reserved 1048576K
}
Event: 5,072 GC heap before
{Heap before GC invocations=11 (full 1):
 PSYoungGen      total 209920K, used 7538K [0x00000000ebf00000, 0x00000000f9600000, 0x0000000100000000)
  eden space 201216K, 0% used [0x00000000ebf00000,0x00000000ebf00000,0x00000000f8380000)
  from space 8704K, 86% used [0x00000000f8c80000,0x00000000f93dc840,0x00000000f9500000)
  to   space 9216K, 0% used [0x00000000f8380000,0x00000000f8380000,0x00000000f8c80000)
 ParOldGen       total 42496K, used 11118K [0x00000000c3c00000, 0x00000000c6580000, 0x00000000ebf00000)
  object space 42496K, 26% used [0x00000000c3c00000,0x00000000c46db818,0x00000000c6580000)
 Metaspace       used 20797K, capacity 20994K, committed 21296K, reserved 1069056K
  class space    used 2562K, capacity 2622K, committed 2688K, reserved 1048576K
Event: 5,156 GC heap after
Heap after GC invocations=11 (full 1):
 PSYoungGen      total 209920K, used 0K [0x00000000ebf00000, 0x00000000f9600000, 0x0000000100000000)
  eden space 201216K, 0% used [0x00000000ebf00000,0x00000000ebf00000,0x00000000f8380000)
  from space 8704K, 0% used [0x00000000f8c80000,0x00000000f8c80000,0x00000000f9500000)
  to   space 9216K, 0% used [0x00000000f8380000,0x00000000f8380000,0x00000000f8c80000)
 ParOldGen       total 35840K, used 11089K [0x00000000c3c00000, 0x00000000c5f00000, 0x00000000ebf00000)
  object space 35840K, 30% used [0x00000000c3c00000,0x00000000c46d46a0,0x00000000c5f00000)
 Metaspace       used 20797K, capacity 20994K, committed 21296K, reserved 1069056K
  class space    used 2562K, capacity 2622K, committed 2688K, reserved 1048576K
}
Event: 72,050 GC heap before
{Heap before GC invocations=12 (full 1):
 PSYoungGen      total 209920K, used 201216K [0x00000000ebf00000, 0x00000000f9600000, 0x0000000100000000)
  eden space 201216K, 100% used [0x00000000ebf00000,0x00000000f8380000,0x00000000f8380000)
  from space 8704K, 0% used [0x00000000f8c80000,0x00000000f8c80000,0x00000000f9500000)
  to   space 9216K, 0% used [0x00000000f8380000,0x00000000f8380000,0x00000000f8c80000)
 ParOldGen       total 35840K, used 11089K [0x00000000c3c00000, 0x00000000c5f00000, 0x00000000ebf00000)
  object space 35840K, 30% used [0x00000000c3c00000,0x00000000c46d46a0,0x00000000c5f00000)
 Metaspace       used 32414K, capacity 32798K, committed 33152K, reserved 1079296K
  class space    used 4088K, capacity 4194K, committed 4224K, reserved 1048576K

Deoptimization events (10 events):
Event: 7,341 Thread 0x00007f990400a000 Uncommon trap: reason=class_check action=maybe_recompile pc=0x00007f98f5afe7f4 method=java.lang.reflect.Method.equals(Ljava/lang/Object;)Z @ 5
Event: 9,233 Thread 0x00007f990400a000 Uncommon trap: reason=unstable_if action=reinterpret pc=0x00007f98f56a37e4 method=java.util.HashMap.putVal(ILjava/lang/Object;Ljava/lang/Object;ZZ)Ljava/lang/Object; @ 162
Event: 9,265 Thread 0x00007f990400a000 Uncommon trap: reason=unstable_if action=reinterpret pc=0x00007f98f519f34c method=java.util.HashMap.getNode(ILjava/lang/Object;)Ljava/util/HashMap$Node; @ 84
Event: 9,268 Thread 0x00007f990400a000 Uncommon trap: reason=unstable_if action=reinterpret pc=0x00007f98f517d82c method=java.util.HashMap.getNode(ILjava/lang/Object;)Ljava/util/HashMap$Node; @ 84
Event: 9,502 Thread 0x00007f990400a000 Uncommon trap: reason=unstable_if action=reinterpret pc=0x00007f98f53d5784 method=java.util.HashMap.resize()[Ljava/util/HashMap$Node; @ 206
Event: 72,007 Thread 0x00007f990400a000 Uncommon trap: reason=class_check action=maybe_recompile pc=0x00007f98f5ad4458 method=java.io.PrintStream.write([BII)V @ 16
Event: 72,019 Thread 0x00007f990400a000 Uncommon trap: reason=class_check action=maybe_recompile pc=0x00007f98f5ad4458 method=java.io.PrintStream.write([BII)V @ 16
Event: 72,019 Thread 0x00007f990400a000 Uncommon trap: reason=class_check action=maybe_recompile pc=0x00007f98f5830e38 method=java.lang.AbstractStringBuilder.append(Ljava/lang/CharSequence;)Ljava/lang/AbstractStringBuilder; @ 37
Event: 72,019 Thread 0x00007f990400a000 Uncommon trap: reason=class_check action=maybe_recompile pc=0x00007f98f5830e38 method=java.lang.AbstractStringBuilder.append(Ljava/lang/CharSequence;)Ljava/lang/AbstractStringBuilder; @ 37
Event: 72,020 Thread 0x00007f990400a000 Uncommon trap: reason=class_check action=maybe_recompile pc=0x00007f98f5830e38 method=java.lang.AbstractStringBuilder.append(Ljava/lang/CharSequence;)Ljava/lang/AbstractStringBuilder; @ 37

Internal exceptions (10 events):
Event: 5,198 Thread 0x00007f990400a000 Exception <a 'java/lang/ClassNotFoundException': org/springframework/boot/orm/jpa/EntityManagerFactoryBuilderCustomizer> (0x00000000ec187100) thrown at [/HUDSON/workspace/8-2-build-linux-amd64/jdk8u77/6540/hotspot/src/share/vm/classfile/systemDictionary.c
Event: 5,254 Thread 0x00007f990400a000 Exception <a 'java/lang/ClassNotFoundException': org/springframework/boot/autoconfigure/AutoConfigurationPackages$BasePackagesBeanInfo> (0x00000000ec3b8608) thrown at [/HUDSON/workspace/8-2-build-linux-amd64/jdk8u77/6540/hotspot/src/share/vm/classfile/sys
Event: 5,255 Thread 0x00007f990400a000 Exception <a 'java/lang/ClassNotFoundException': org/springframework/boot/autoconfigure/AutoConfigurationPackages$BasePackagesCustomizer> (0x00000000ec3e0cd0) thrown at [/HUDSON/workspace/8-2-build-linux-amd64/jdk8u77/6540/hotspot/src/share/vm/classfile/s
Event: 5,267 Thread 0x00007f990400a000 Exception <a 'java/lang/ClassNotFoundException': org/springframework/orm/jpa/LocalContainerEntityManagerFactoryBeanBeanInfo> (0x00000000ec4d5018) thrown at [/HUDSON/workspace/8-2-build-linux-amd64/jdk8u77/6540/hotspot/src/share/vm/classfile/systemDictiona
Event: 5,267 Thread 0x00007f990400a000 Exception <a 'java/lang/ClassNotFoundException': org/springframework/orm/jpa/AbstractEntityManagerFactoryBeanBeanInfo> (0x00000000ec4f65c8) thrown at [/HUDSON/workspace/8-2-build-linux-amd64/jdk8u77/6540/hotspot/src/share/vm/classfile/systemDictionary.cpp
Event: 5,268 Thread 0x00007f990400a000 Exception <a 'java/lang/ClassNotFoundException': org/springframework/orm/jpa/AbstractEntityManagerFactoryBeanCustomizer> (0x00000000ec5180c0) thrown at [/HUDSON/workspace/8-2-build-linux-amd64/jdk8u77/6540/hotspot/src/share/vm/classfile/systemDictionary.c
Event: 5,270 Thread 0x00007f990400a000 Exception <a 'java/lang/ClassNotFoundException': org/springframework/orm/jpa/LocalContainerEntityManagerFactoryBeanCustomizer> (0x00000000ec568310) thrown at [/HUDSON/workspace/8-2-build-linux-amd64/jdk8u77/6540/hotspot/src/share/vm/classfile/systemDictio
Event: 5,600 Thread 0x00007f990400a000 Exception <a 'java/lang/NoSuchFieldError': method resolution failed> (0x00000000ee600030) thrown at [/HUDSON/workspace/8-2-build-linux-amd64/jdk8u77/6540/hotspot/src/share/vm/prims/methodHandles.cpp, line 1146]
Event: 5,603 Thread 0x00007f990400a000 Exception <a 'java/lang/NoSuchFieldError': method resolution failed> (0x00000000ee60dac0) thrown at [/HUDSON/workspace/8-2-build-linux-amd64/jdk8u77/6540/hotspot/src/share/vm/prims/methodHandles.cpp, line 1146]
Event: 6,072 Thread 0x00007f990400a000 Exception <a 'java/lang/NullPointerException'> (0x00000000f099d2f0) thrown at [/HUDSON/workspace/8-2-build-linux-amd64/jdk8u77/6540/hotspot/src/share/vm/runtime/reflection.cpp, line 922]

Events (10 events):
Event: 72,032 loading class org/hibernate/loader/plan/exec/process/internal/AbstractRowReader done
Event: 72,039 Thread 0x00007f9904184000 flushing nmethod 0x00007f98f5108910
Event: 72,040 Thread 0x00007f9904184000 flushing nmethod 0x00007f98f5117910
Event: 72,040 Thread 0x00007f9904184000 flushing nmethod 0x00007f98f511bb50
Event: 72,040 Thread 0x00007f9904184000 flushing nmethod 0x00007f98f5133d10
Event: 72,040 Thread 0x00007f9904184000 flushing nmethod 0x00007f98f51465d0
Event: 72,040 Thread 0x00007f9904184000 flushing nmethod 0x00007f98f5163e10
Event: 72,040 Thread 0x00007f9904184000 flushing nmethod 0x00007f98f51659d0
Event: 72,040 Thread 0x00007f9904184000 flushing nmethod 0x00007f98f5173a50
Event: 72,047 Executing VM operation: ParallelGCFailedAllocation


Dynamic libraries:
00400000-00401000 r-xp 00000000 08:05 1071645                            /usr/local/java/jdk1.8.0_77/jre/bin/java
00600000-00601000 rw-p 00000000 08:05 1071645                            /usr/local/java/jdk1.8.0_77/jre/bin/java
022ae000-022cf000 rw-p 00000000 00:00 0                                  [heap]
c3c00000-c5f00000 rw-p 00000000 00:00 0 
c5f00000-ebf00000 ---p 00000000 00:00 0 
ebf00000-f9600000 rw-p 00000000 00:00 0 
fe800000-100000000 ---p 00000000 00:00 0 
100000000-100420000 rw-p 00000000 00:00 0 
100420000-140000000 ---p 00000000 00:00 0 
7f98b8000000-7f98b8021000 rw-p 00000000 00:00 0 
7f98b8021000-7f98bc000000 ---p 00000000 00:00 0 
7f98bc000000-7f98bc021000 rw-p 00000000 00:00 0 
7f98bc021000-7f98c0000000 ---p 00000000 00:00 0 
7f98c0000000-7f98c11a7000 rw-p 00000000 00:00 0 
7f98c11a7000-7f98c4000000 ---p 00000000 00:00 0 
7f98c4000000-7f98c4eb5000 rw-p 00000000 00:00 0 
7f98c4eb5000-7f98c8000000 ---p 00000000 00:00 0 
7f98c8000000-7f98c8021000 rw-p 00000000 00:00 0 
7f98c8021000-7f98cc000000 ---p 00000000 00:00 0 
7f98cc000000-7f98cda35000 rw-p 00000000 00:00 0 
7f98cda35000-7f98d0000000 ---p 00000000 00:00 0 
7f98d0000000-7f98d0021000 rw-p 00000000 00:00 0 
7f98d0021000-7f98d4000000 ---p 00000000 00:00 0 
7f98d4000000-7f98d4021000 rw-p 00000000 00:00 0 
7f98d4021000-7f98d8000000 ---p 00000000 00:00 0 
7f98d8000000-7f98d8021000 rw-p 00000000 00:00 0 
7f98d8021000-7f98dc000000 ---p 00000000 00:00 0 
7f98dc000000-7f98dc28f000 rw-p 00000000 00:00 0 
7f98dc28f000-7f98e0000000 ---p 00000000 00:00 0 
7f98e0000000-7f98e0021000 rw-p 00000000 00:00 0 
7f98e0021000-7f98e4000000 ---p 00000000 00:00 0 
7f98e8000000-7f98e8021000 rw-p 00000000 00:00 0 
7f98e8021000-7f98ec000000 ---p 00000000 00:00 0 
7f98ecd91000-7f98ecdd1000 rw-p 00000000 00:00 0 
7f98ecdd1000-7f98ecf91000 ---p 00000000 00:00 0 
7f98ecf91000-7f98ed191000 rw-p 00000000 00:00 0 
7f98ed191000-7f98ed391000 rw-p 00000000 00:00 0 
7f98ed391000-7f98ed591000 rw-p 00000000 00:00 0 
7f98ed591000-7f98ed791000 rw-p 00000000 00:00 0 
7f98ed791000-7f98ed991000 rw-p 00000000 00:00 0 
7f98ed991000-7f98ed9a3000 r--s 00345000 08:05 1071789                    /usr/local/java/jdk1.8.0_77/jre/lib/resources.jar
7f98ed9a3000-7f98eda39000 r--s 01102000 08:05 1071808                    /usr/local/java/jdk1.8.0_77/jre/lib/ext/jfxrt.jar
7f98eda39000-7f98edc39000 rw-p 00000000 00:00 0 
7f98edc39000-7f98ede39000 rw-p 00000000 00:00 0 
7f98ede3e000-7f98ede3f000 rw-p 00000000 00:00 0 
7f98ede3f000-7f98ede43000 r--s 00097000 08:05 1071803                    /usr/local/java/jdk1.8.0_77/jre/lib/jsse.jar
7f98ede43000-7f98ee043000 rw-p 00000000 00:00 0 
7f98ee043000-7f98ee243000 rw-p 00000000 00:00 0 
7f98ee243000-7f98ee443000 rw-p 00000000 00:00 0 
7f98ee443000-7f98ee445000 r--s 0000f000 08:07 399712                     /home/paballo/.m2/repository/org/apache/maven/surefire/surefire-junit4/2.18.1/surefire-junit4-2.18.1.jar
7f98ee445000-7f98ee44e000 r--s 00047000 08:07 534920                     /home/paballo/.m2/repository/org/springframework/security/spring-security-web/4.0.4.RELEASE/spring-security-web-4.0.4.RELEASE.jar
7f98ee44e000-7f98ee451000 r--s 00008000 08:07 534918                     /home/paballo/.m2/repository/org/springframework/security/spring-security-test/4.0.4.RELEASE/spring-security-test-4.0.4.RELEASE.jar
7f98ee451000-7f98ee453000 r--s 0000a000 08:07 530969                     /home/paballo/.m2/repository/org/powermock/powermock-reflect/1.6.4/powermock-reflect-1.6.4.jar
7f98ee453000-7f98ee456000 r--s 00017000 08:07 530951                     /home/paballo/.m2/repository/org/powermock/powermock-core/1.6.4/powermock-core-1.6.4.jar
7f98ee456000-7f98ee457000 r--s 00003000 08:07 530956                     /home/paballo/.m2/repository/org/powermock/powermock-module-junit4-common/1.6.4/powermock-module-junit4-common-1.6.4.jar
7f98ee457000-7f98ee459000 r--s 0000a000 08:07 530961                     /home/paballo/.m2/repository/org/powermock/powermock-module-junit4/1.6.4/powermock-module-junit4-1.6.4.jar
7f98ee459000-7f98ee45b000 r--s 00009000 08:07 530919                     /home/paballo/.m2/repository/org/objenesis/objenesis/2.1/objenesis-2.1.jar
7f98ee45b000-7f98ee477000 r--s 00103000 08:07 399750                     /home/paballo/.m2/repository/org/mockito/mockito-core/1.10.19/mockito-core-1.10.19.jar
7f98ee477000-7f98ee478000 r--s 0000c000 08:07 530740                     /home/paballo/.m2/repository/org/hamcrest/hamcrest-library/1.3/hamcrest-library-1.3.jar
7f98ee478000-7f98ee47a000 r--s 0000a000 08:07 530103                     /home/paballo/.m2/repository/com/github/springtestdbunit/spring-test-dbunit/1.2.1/spring-test-dbunit-1.2.1.jar
7f98ee47a000-7f98ee487000 r--s 00083000 08:07 530195                     /home/paballo/.m2/repository/commons-collections/commons-collections/3.2.2/commons-collections-3.2.2.jar
7f98ee487000-7f98ee491000 r--s 00089000 08:07 530646                     /home/paballo/.m2/repository/org/dbunit/dbunit/2.4.8/dbunit-2.4.8.jar
7f98ee491000-7f98ee49f000 r--s 0007c000 08:07 534917                     /home/paballo/.m2/repository/org/springframework/spring-test/4.2.6.RELEASE/spring-test-4.2.6.RELEASE.jar
7f98ee49f000-7f98ee4a7000 r--s 00045000 08:07 530289                     /home/paballo/.m2/repository/junit/junit/4.12/junit-4.12.jar
7f98ee4a7000-7f98ee4d2000 r--s 001f9000 08:07 534915                     /home/paballo/.m2/repository/com/google/guava/guava/17.0/guava-17.0.jar
7f98ee4d2000-7f98ee4ed000 r--s 0012e000 08:07 398999                     /home/paballo/.m2/repository/net/sf/ehcache/ehcache-core/2.6.11/ehcache-core-2.6.11.jar
7f98ee4ed000-7f98ee4ef000 r--s 00009000 08:07 534912                     /home/paballo/.m2/repository/org/slf4j/slf4j-api/1.7.21/slf4j-api-1.7.21.jar
7f98ee4ef000-7f98ee4fa000 r--s 0008a000 08:07 536436                     /home/paballo/.m2/repository/c3p0/c3p0/0.9.1.1/c3p0-0.9.1.1.jar
7f98ee4fa000-7f98ee504000 r--s 00098000 08:07 536435                     /home/paballo/.m2/repository/org/quartz-scheduler/quartz/2.2.3/quartz-2.2.3.jar
7f98ee504000-7f98ee509000 r--s 00027000 08:07 534910                     /home/paballo/.m2/repository/org/springframework/spring-context-support/4.2.6.RELEASE/spring-context-support-4.2.6.RELEASE.jar
7f98ee509000-7f98ee51a000 r--s 000c6000 08:07 534909                     /home/paballo/.m2/repository/org/springframework/spring-webmvc/4.2.6.RELEASE/spring-webmvc-4.2.6.RELEASE.jar
7f98ee51a000-7f98ee51c000 r--s 0000e000 08:07 530066                     /home/paballo/.m2/repository/com/fasterxml/classmate/1.1.0/classmate-1.1.0.jar
7f98ee51c000-7f98ee520000 r--s 0000c000 08:07 530261                     /home/paballo/.m2/repository/javax/validation/validation-api/1.1.0.Final/validation-api-1.1.0.Final.jar
7f98ee520000-7f98ee530000 r--s 0009c000 08:07 534908                     /home/paballo/.m2/repository/org/hibernate/hibernate-validator/5.2.4.Final/hibernate-validator-5.2.4.Final.jar
7f98ee530000-7f98ee531000 r--s 00000000 08:07 534906                     /home/paballo/.m2/repository/org/springframework/boot/spring-boot-starter-validation/1.3.5.RELEASE/spring-boot-starter-validation-1.3.5.RELEASE.jar
7f98ee531000-7f98ee537000 r--s 00037000 08:07 143250                     /home/paballo/.m2/repository/org/apache/tomcat/embed/tomcat-embed-websocket/8.0.33/tomcat-embed-websocket-8.0.33.jar
7f98ee537000-7f98ee538000 r--s 00009000 08:07 143249                     /home/paballo/.m2/repository/org/apache/tomcat/embed/tomcat-embed-logging-juli/8.0.33/tomcat-embed-logging-juli-8.0.33.jar
7f98ee538000-7f98ee53d000 r--s 00036000 08:07 143248                     /home/paballo/.m2/repository/org/apache/tomcat/embed/tomcat-embed-el/8.0.33/tomcat-embed-el-8.0.33.jar
7f98ee53d000-7f98ee562000 r--s 00292000 08:07 393306                     /home/paballo/.m2/repository/org/apache/tomcat/embed/tomcat-embed-core/8.0.33/tomcat-embed-core-8.0.33.jar
7f98ee562000-7f98ee563000 r--s 00000000 08:07 534902                     /home/paballo/.m2/repository/org/springframework/boot/spring-boot-starter-tomcat/1.3.5.RELEASE/spring-boot-starter-tomcat-1.3.5.RELEASE.jar
7f98ee563000-7f98ee564000 r--s 00000000 08:07 534899                     /home/paballo/.m2/repository/org/springframework/boot/spring-boot-starter-web/1.3.5.RELEASE/spring-boot-starter-web-1.3.5.RELEASE.jar
7f98ee564000-7f98ee566000 r--s 00009000 08:07 530735                     /home/paballo/.m2/repository/org/hamcrest/hamcrest-core/1.3/hamcrest-core-1.3.jar
7f98ee566000-7f98ee567000 r--s 00000000 08:07 534897                     /home/paballo/.m2/repository/org/springframework/boot/spring-boot-starter-test/1.3.5.RELEASE/spring-boot-starter-test-1.3.5.RELEASE.jar
7f98ee567000-7f98ee56a000 r--s 0000c000 08:07 534895                     /home/paballo/.m2/repository/org/springframework/spring-aspects/4.2.6.RELEASE/spring-aspects-4.2.6.RELEASE.jar
7f98ee56a000-7f98ee574000 r--s 00068000 08:07 534894                     /home/paballo/.m2/repository/org/springframework/spring-orm/4.2.6.RELEASE/spring-orm-4.2.6.RELEASE.jar
7f98ee574000-7f98ee57a000 r--s 00039000 08:07 534891                     /home/paballo/.m2/repository/org/springframework/data/spring-data-jpa/1.9.4.RELEASE/spring-data-jpa-1.9.4.RELEASE.jar
7f98ee57a000-7f98ee57c000 r--s 00006000 08:07 530256                     /home/paballo/.m2/repository/javax/transaction/javax.transaction-api/1.2/javax.transaction-api-1.2.jar
7f98ee57c000-7f98ee586000 r--s 000a5000 08:07 530853                     /home/paballo/.m2/repository/org/javassist/javassist/3.18.1-GA/javassist-3.18.1-GA.jar
7f98ee586000-7f98ee58b000 r--s 00017000 08:07 530774                     /home/paballo/.m2/repository/org/hibernate/javax/persistence/hibernate-jpa-2.1-api/1.0.0.Final/hibernate-jpa-2.1-api-1.0.0.Final.jar
7f98ee58b000-7f98ee58e000 r--s 00010000 08:07 530751                     /home/paballo/.m2/repository/org/hibernate/common/hibernate-commons-annotations/4.0.5.Final/hibernate-commons-annotations-4.0.5.Final.jar
7f98ee58e000-7f98ee593000 r--s 00016000 08:07 136581                     /home/paballo/.m2/repository/xml-apis/xml-apis/1.0.b2/xml-apis-1.0.b2.jar
7f98ee593000-7f98ee598000 r--s 00048000 08:07 530228                     /home/paballo/.m2/repository/dom4j/dom4j/1.6.1/dom4j-1.6.1.jar
7f98ee598000-7f98ee59a000 r--s 00011000 08:07 136402                     /home/paballo/.m2/repository/org/jboss/jandex/1.1.0.Final/jandex-1.1.0.Final.jar
7f98ee59a000-7f98ee59f000 r--s 00068000 08:07 135957                     /home/paballo/.m2/repository/antlr/antlr/2.7.7/antlr-2.7.7.jar
7f98ee59f000-7f98ee5fd000 r--s 004ac000 08:07 530756                     /home/paballo/.m2/repository/org/hibernate/hibernate-core/4.3.11.Final/hibernate-core-4.3.11.Final.jar
7f98ee5fd000-7f98ee5fe000 r--s 00002000 08:07 136416                     /home/paballo/.m2/repository/org/jboss/logging/jboss-logging-annotations/1.2.0.Beta1/jboss-logging-annotations-1.2.0.Beta1.jar
7f98ee5fe000-7f98ee600000 r--s 0000f000 08:07 530864                     /home/paballo/.m2/repository/org/jboss/logging/jboss-logging/3.3.0.Final/jboss-logging-3.3.0.Final.jar
7f98ee600000-7f98ee60e000 r--s 00091000 08:07 530761                     /home/paballo/.m2/repository/org/hibernate/hibernate-entitymanager/4.3.11.Final/hibernate-entitymanager-4.3.11.Final.jar
7f98ee60e000-7f98ee618000 r--s 0005e000 08:07 534890                     /home/paballo/.m2/repository/org/springframework/spring-jdbc/4.2.6.RELEASE/spring-jdbc-4.2.6.RELEASE.jar
7f98ee618000-7f98ee619000 r--s 00000000 08:07 534888                     /home/paballo/.m2/repository/org/springframework/boot/spring-boot-starter-jdbc/1.3.5.RELEASE/spring-boot-starter-jdbc-1.3.5.RELEASE.jar
7f98ee619000-7f98ee632000 r--s 001af000 08:07 534887                     /home/paballo/.m2/repository/org/aspectj/aspectjweaver/1.8.9/aspectjweaver-1.8.9.jar
7f98ee632000-7f98ee633000 r--s 00000000 08:07 534885                     /home/paballo/.m2/repository/org/springframework/boot/spring-boot-starter-aop/1.3.5.RELEASE/spring-boot-starter-aop-1.3.5.RELEASE.jar
7f98ee633000-7f98ee639000 r--s 0003c000 08:07 531368                     /home/paballo/.m2/repository/org/yaml/snakeyaml/1.16/snakeyaml-1.16.jar
7f98ee639000-7f98ee63b000 r--s 00004000 08:07 534881                     /home/paballo/.m2/repository/org/slf4j/log4j-over-slf4j/1.7.21/log4j-over-slf4j-1.7.21.jar
7f98ee63b000-7f98ee63d000 r--s 00000000 08:07 534882                     /home/paballo/.m2/repository/org/slf4j/jul-to-slf4j/1.7.21/jul-to-slf4j-1.7.21.jar
7f98ee63d000-7f98ee647000 r--s 00069000 08:07 534877                     /home/paballo/.m2/repository/ch/qos/logback/logback-core/1.1.7/logback-core-1.1.7.jar
7f98ee647000-7f98ee64e000 r--s 00044000 08:07 534878                     /home/paballo/.m2/repository/ch/qos/logback/logback-classic/1.1.7/logback-classic-1.1.7.jar
7f98ee64e000-7f98ee64f000 r--s 00000000 08:07 534875                     /home/paballo/.m2/repository/org/springframework/boot/spring-boot-starter-logging/1.3.5.RELEASE/spring-boot-starter-logging-1.3.5.RELEASE.jar
7f98ee64f000-7f98ee667000 r--s 000a2000 08:07 534874                     /home/paballo/.m2/repository/org/springframework/boot/spring-boot-autoconfigure/1.3.5.RELEASE/spring-boot-autoconfigure-1.3.5.RELEASE.jar
7f98ee667000-7f98ee674000 r--s 00079000 08:07 534869                     /home/paballo/.m2/repository/org/springframework/boot/spring-boot/1.3.5.RELEASE/spring-boot-1.3.5.RELEASE.jar
7f98ee674000-7f98ee675000 r--s 00000000 08:07 534870                     /home/paballo/.m2/repository/org/springframework/boot/spring-boot-starter/1.3.5.RELEASE/spring-boot-starter-1.3.5.RELEASE.jar
7f98ee675000-7f98ee676000 r--s 00000000 08:07 534866                     /home/paballo/.m2/repository/org/springframework/boot/spring-boot-starter-data-jpa/1.3.5.RELEASE/spring-boot-starter-data-jpa-1.3.5.RELEASE.jar
7f98ee676000-7f98ee678000 r--s 00000000 08:07 398947                     /home/paballo/.m2/repository/aopalliance/aopalliance/1.0/aopalliance-1.0.jar
7f98ee678000-7f98ee684000 r--s 0004c000 08:07 534865                     /home/paballo/.m2/repository/org/springframework/security/spring-security-core/4.0.4.RELEASE/spring-security-core-4.0.4.RELEASE.jar
7f98ee684000-7f98ee689000 r--s 0003c000 08:07 534862                     /home/paballo/.m2/repository/org/springframework/spring-expression/4.2.6.RELEASE/spring-expression-4.2.6.RELEASE.jar
7f98ee689000-7f98ee69f000 r--s 000f6000 08:07 534860                     /home/paballo/.m2/repository/org/springframework/spring-core/4.2.6.RELEASE/spring-core-4.2.6.RELEASE.jar
7f98ee69f000-7f98ee6ac000 r--s 000a6000 08:07 534858                     /home/paballo/.m2/repository/org/springframework/spring-beans/4.2.6.RELEASE/spring-beans-4.2.6.RELEASE.jar
7f98ee6ac000-7f98ee6b5000 r--s 00052000 08:07 534857                     /home/paballo/.m2/repository/org/springframework/spring-aop/4.2.6.RELEASE/spring-aop-4.2.6.RELEASE.jar
7f98ee6b5000-7f98ee6ce000 r--s 000f3000 08:07 534855                     /home/paballo/.m2/repository/org/springframework/spring-context/4.2.6.RELEASE/spring-context-4.2.6.RELEASE.jar
7f98ee6ce000-7f98ee6d0000 r--s 00009000 08:07 530803                     /home/paballo/.m2/repository/org/igniterealtime/smack/smack-experimental/4.1.0-beta1/smack-experimental-4.1.0-beta1.jar
7f98ee6d0000-7f98ee6d1000 r--s 00000000 08:07 530828                     /home/paballo/.m2/repository/org/igniterealtime/smack/smack-java7/4.0.1/smack-java7-4.0.1.jar
7f98ee6d1000-7f98ee6df000 r--s 0007d000 08:07 530813                     /home/paballo/.m2/repository/org/igniterealtime/smack/smack-extensions/4.0.7/smack-extensions-4.0.7.jar
7f98ee6df000-7f98ee6e0000 r--s 00004000 08:07 530843                     /home/paballo/.m2/repository/org/igniterealtime/smack/smack-tcp/4.0.7/smack-tcp-4.0.7.jar
7f98ee6e0000-7f98ee6e3000 r--s 0001b000 08:07 136591                     /home/paballo/.m2/repository/xpp3/xpp3/1.1.4c/xpp3-1.1.4c.jar
7f98ee6e3000-7f98ee6e9000 r--s 0003d000 08:07 530787                     /home/paballo/.m2/repository/org/igniterealtime/smack/smack-core/4.0.6/smack-core-4.0.6.jar
7f98ee6e9000-7f98ee6f0000 r--s 00050000 08:07 394579                     /home/paballo/.m2/repository/org/apache/httpcomponents/httpcore-nio/4.4.4/httpcore-nio-4.4.4.jar
7f98ee6f0000-7f98ee6f4000 r--s 00028000 08:07 394578                     /home/paballo/.m2/repository/org/apache/httpcomponents/httpasyncclient/4.1.1/httpasyncclient-4.1.1.jar
7f98ee6f4000-7f98ee6fb000 r--s 0003f000 08:07 530177                     /home/paballo/.m2/repository/commons-codec/commons-codec/1.10/commons-codec-1.10.jar
7f98ee6fb000-7f98ee702000 r--s 00049000 08:07 399186                     /home/paballo/.m2/repository/org/apache/httpcomponents/httpcore/4.4.4/httpcore-4.4.4.jar
7f98ee702000-7f98ee70f000 r--s 000a7000 08:07 394588                     /home/paballo/.m2/repository/org/apache/httpcomponents/httpclient/4.5.2/httpclient-4.5.2.jar
7f98ee70f000-7f98ee711000 r--s 0000c000 08:07 534853                     /home/paballo/.m2/repository/org/springframework/integration/spring-integration-mail/4.2.5.RELEASE/spring-integration-mail-4.2.5.RELEASE.jar
7f98ee711000-7f98ee71a000 r--s 00053000 08:07 534849                     /home/paballo/.m2/repository/org/springframework/spring-messaging/4.2.6.RELEASE/spring-messaging-4.2.6.RELEASE.jar
7f98ee71a000-7f98ee721000 r--s 0003a000 08:07 534847                     /home/paballo/.m2/repository/org/springframework/spring-tx/4.2.6.RELEASE/spring-tx-4.2.6.RELEASE.jar
7f98ee721000-7f98ee736000 r--s 000db000 08:07 534845                     /home/paballo/.m2/repository/org/springframework/integration/spring-integration-core/4.2.5.RELEASE/spring-integration-core-4.2.5.RELEASE.jar
7f98ee736000-7f98ee80d000 r--s 007aa000 08:07 143244                     /home/paballo/.m2/repository/net/sf/ehcache/ehcache/2.10.2/ehcache-2.10.2.jar
7f98ee80d000-7f98ee80e000 ---p 00000000 00:00 0 
7f98ee80e000-7f98ee90e000 rw-p 00000000 00:00 0                          [stack:7755]
7f98ee90e000-7f98ee911000 ---p 00000000 00:00 0 
7f98ee911000-7f98eea0f000 rw-p 00000000 00:00 0                          [stack:7754]
7f98eea0f000-7f98eea12000 ---p 00000000 00:00 0 
7f98eea12000-7f98eeb10000 rw-p 00000000 00:00 0                          [stack:7753]
7f98eeb10000-7f98eeb13000 ---p 00000000 00:00 0 
7f98eeb13000-7f98eec11000 rw-p 00000000 00:00 0                          [stack:7752]
7f98eec11000-7f98eec14000 ---p 00000000 00:00 0 
7f98eec14000-7f98eed12000 rw-p 00000000 00:00 0                          [stack:7751]
7f98eed12000-7f98eed15000 ---p 00000000 00:00 0 
7f98eed15000-7f98eee13000 rw-p 00000000 00:00 0                          [stack:7750]
7f98eee13000-7f98ef4f5000 r--p 00000000 08:05 793105                     /usr/lib/locale/locale-archive
7f98ef4f5000-7f98ef4f8000 ---p 00000000 00:00 0 
7f98ef4f8000-7f98ef5f6000 rw-p 00000000 00:00 0                          [stack:7749]
7f98ef5f6000-7f98ef5f9000 ---p 00000000 00:00 0 
7f98ef5f9000-7f98ef6f7000 rw-p 00000000 00:00 0                          [stack:7748]
7f98ef6f7000-7f98ef6f8000 ---p 00000000 00:00 0 
7f98ef6f8000-7f98f0000000 rw-p 00000000 00:00 0                          [stack:7747]
7f98f0000000-7f98f0021000 rw-p 00000000 00:00 0 
7f98f0021000-7f98f4000000 ---p 00000000 00:00 0 
7f98f4000000-7f98f4002000 r--s 00007000 08:07 534852                     /home/paballo/.m2/repository/org/springframework/integration/spring-integration-xmpp/4.2.5.RELEASE/spring-integration-xmpp-4.2.5.RELEASE.jar
7f98f4002000-7f98f4013000 r--s 000ab000 08:07 143245                     /home/paballo/.m2/repository/org/springframework/spring-web/4.2.6.RELEASE/spring-web-4.2.6.RELEASE.jar
7f98f4013000-7f98f4022000 r--s 0008d000 08:07 534838                     /home/paballo/.m2/repository/org/springframework/data/spring-data-commons/1.11.4.RELEASE/spring-data-commons-1.11.4.RELEASE.jar
7f98f4022000-7f98f4628000 rw-p 00000000 00:00 0 
7f98f4628000-7f98f4800000 r--s 03d1e000 08:05 1071751                    /usr/local/java/jdk1.8.0_77/jre/lib/rt.jar
7f98f4800000-7f98f5000000 rw-p 00000000 00:00 0 
7f98f5000000-7f98f5ec0000 rwxp 00000000 00:00 0 
7f98f5ec0000-7f9904000000 ---p 00000000 00:00 0 
7f9904000000-7f990596e000 rw-p 00000000 00:00 0 
7f990596e000-7f9908000000 ---p 00000000 00:00 0 
7f9908000000-7f9908001000 r--s 00000000 08:07 530833                     /home/paballo/.m2/repository/org/igniterealtime/smack/smack-resolver-javax/4.0.7/smack-resolver-javax-4.0.7.jar
7f9908001000-7f9908005000 r--s 00017000 08:07 531258                     /home/paballo/.m2/repository/org/springframework/retry/spring-retry/1.1.2.RELEASE/spring-retry-1.1.2.RELEASE.jar
7f9908005000-7f9908007000 r--s 00013000 08:07 534844                     /home/paballo/.m2/repository/org/springframework/spring-oxm/4.2.6.RELEASE/spring-oxm-4.2.6.RELEASE.jar
7f9908007000-7f990800a000 r--s 0000a000 08:07 535594                     /home/paballo/grassroot-platform/grassroot-integration/target/grassroot-integration-1.0-SNAPSHOT.jar
7f990800a000-7f990800c000 r--s 00003000 08:07 534840                     /home/paballo/.m2/repository/org/slf4j/jcl-over-slf4j/1.7.21/jcl-over-slf4j-1.7.21.jar
7f990800c000-7f990801c000 r--s 0003b000 08:07 135999                     /home/paballo/.m2/repository/com/googlecode/libphonenumber/libphonenumber/7.0.9/libphonenumber-7.0.9.jar
7f990801c000-7f990802d000 r--s 0010d000 08:07 534837                     /home/paballo/.m2/repository/com/fasterxml/jackson/core/jackson-databind/2.6.6/jackson-databind-2.6.6.jar
7f990802d000-7f9908030000 r--s 00009000 08:07 534834                     /home/paballo/.m2/repository/com/fasterxml/jackson/core/jackson-annotations/2.6.6/jackson-annotations-2.6.6.jar
7f9908030000-7f9908034000 r--s 0003c000 08:07 534839                     /home/paballo/.m2/repository/com/fasterxml/jackson/core/jackson-core/2.6.6/jackson-core-2.6.6.jar
7f9908034000-7f9908037000 r--s 0001f000 08:07 393301                     /home/paballo/.m2/repository/org/apache/tomcat/tomcat-jdbc/8.0.33/tomcat-jdbc-8.0.33.jar
7f9908037000-7f990a1b0000 rw-p 00000000 00:00 0 
7f990a1b0000-7f990a1b1000 ---p 00000000 00:00 0 
7f990a1b1000-7f990a2b1000 rw-p 00000000 00:00 0                          [stack:7746]
7f990a2b1000-7f990a2b2000 ---p 00000000 00:00 0 
7f990a2b2000-7f990a3b2000 rw-p 00000000 00:00 0                          [stack:7745]
7f990a3b2000-7f990a3b3000 ---p 00000000 00:00 0 
7f990a3b3000-7f990a4b3000 rw-p 00000000 00:00 0                          [stack:7744]
7f990a4b3000-7f990a4b4000 ---p 00000000 00:00 0 
7f990a4b4000-7f990a5c6000 rw-p 00000000 00:00 0                          [stack:7743]
7f990a5c6000-7f990a6f6000 ---p 00000000 00:00 0 
7f990a6f6000-7f990a708000 rw-p 00000000 00:00 0 
7f990a708000-7f990a837000 ---p 00000000 00:00 0 
7f990a837000-7f990a8a3000 rw-p 00000000 00:00 0 
7f990a8a3000-7f990a8d8000 ---p 00000000 00:00 0 
7f990a8d8000-7f990a914000 rw-p 00000000 00:00 0 
7f990a914000-7f990ac99000 ---p 00000000 00:00 0 
7f990ac99000-7f990acb3000 r-xp 00000000 08:05 1182367                    /usr/local/java/jdk1.8.0_77/jre/lib/amd64/libzip.so
7f990acb3000-7f990aeb3000 ---p 0001a000 08:05 1182367                    /usr/local/java/jdk1.8.0_77/jre/lib/amd64/libzip.so
7f990aeb3000-7f990aeb4000 rw-p 0001a000 08:05 1182367                    /usr/local/java/jdk1.8.0_77/jre/lib/amd64/libzip.so
7f990aeb4000-7f990aebf000 r-xp 00000000 08:05 397251                     /lib/x86_64-linux-gnu/libnss_files-2.19.so
7f990aebf000-7f990b0be000 ---p 0000b000 08:05 397251                     /lib/x86_64-linux-gnu/libnss_files-2.19.so
7f990b0be000-7f990b0bf000 r--p 0000a000 08:05 397251                     /lib/x86_64-linux-gnu/libnss_files-2.19.so
7f990b0bf000-7f990b0c0000 rw-p 0000b000 08:05 397251                     /lib/x86_64-linux-gnu/libnss_files-2.19.so
7f990b0c0000-7f990b0cb000 r-xp 00000000 08:05 397261                     /lib/x86_64-linux-gnu/libnss_nis-2.19.so
7f990b0cb000-7f990b2ca000 ---p 0000b000 08:05 397261                     /lib/x86_64-linux-gnu/libnss_nis-2.19.so
7f990b2ca000-7f990b2cb000 r--p 0000a000 08:05 397261                     /lib/x86_64-linux-gnu/libnss_nis-2.19.so
7f990b2cb000-7f990b2cc000 rw-p 0000b000 08:05 397261                     /lib/x86_64-linux-gnu/libnss_nis-2.19.so
7f990b2cc000-7f990b2e3000 r-xp 00000000 08:05 397245                     /lib/x86_64-linux-gnu/libnsl-2.19.so
7f990b2e3000-7f990b4e2000 ---p 00017000 08:05 397245                     /lib/x86_64-linux-gnu/libnsl-2.19.so
7f990b4e2000-7f990b4e3000 r--p 00016000 08:05 397245                     /lib/x86_64-linux-gnu/libnsl-2.19.so
7f990b4e3000-7f990b4e4000 rw-p 00017000 08:05 397245                     /lib/x86_64-linux-gnu/libnsl-2.19.so
7f990b4e4000-7f990b4e6000 rw-p 00000000 00:00 0 
7f990b4e6000-7f990b4ef000 r-xp 00000000 08:05 397247                     /lib/x86_64-linux-gnu/libnss_compat-2.19.so
7f990b4ef000-7f990b6ee000 ---p 00009000 08:05 397247                     /lib/x86_64-linux-gnu/libnss_compat-2.19.so
7f990b6ee000-7f990b6ef000 r--p 00008000 08:05 397247                     /lib/x86_64-linux-gnu/libnss_compat-2.19.so
7f990b6ef000-7f990b6f0000 rw-p 00009000 08:05 397247                     /lib/x86_64-linux-gnu/libnss_compat-2.19.so
7f990b6f0000-7f990b71a000 r-xp 00000000 08:05 1182024                    /usr/local/java/jdk1.8.0_77/jre/lib/amd64/libjava.so
7f990b71a000-7f990b91a000 ---p 0002a000 08:05 1182024                    /usr/local/java/jdk1.8.0_77/jre/lib/amd64/libjava.so
7f990b91a000-7f990b91c000 rw-p 0002a000 08:05 1182024                    /usr/local/java/jdk1.8.0_77/jre/lib/amd64/libjava.so
7f990b91c000-7f990b929000 r-xp 00000000 08:05 1182366                    /usr/local/java/jdk1.8.0_77/jre/lib/amd64/libverify.so
7f990b929000-7f990bb29000 ---p 0000d000 08:05 1182366                    /usr/local/java/jdk1.8.0_77/jre/lib/amd64/libverify.so
7f990bb29000-7f990bb2b000 rw-p 0000d000 08:05 1182366                    /usr/local/java/jdk1.8.0_77/jre/lib/amd64/libverify.so
7f990bb2b000-7f990bb32000 r-xp 00000000 08:05 397304                     /lib/x86_64-linux-gnu/librt-2.19.so
7f990bb32000-7f990bd31000 ---p 00007000 08:05 397304                     /lib/x86_64-linux-gnu/librt-2.19.so
7f990bd31000-7f990bd32000 r--p 00006000 08:05 397304                     /lib/x86_64-linux-gnu/librt-2.19.so
7f990bd32000-7f990bd33000 rw-p 00007000 08:05 397304                     /lib/x86_64-linux-gnu/librt-2.19.so
7f990bd33000-7f990be38000 r-xp 00000000 08:05 397226                     /lib/x86_64-linux-gnu/libm-2.19.so
7f990be38000-7f990c037000 ---p 00105000 08:05 397226                     /lib/x86_64-linux-gnu/libm-2.19.so
7f990c037000-7f990c038000 r--p 00104000 08:05 397226                     /lib/x86_64-linux-gnu/libm-2.19.so
7f990c038000-7f990c039000 rw-p 00105000 08:05 397226                     /lib/x86_64-linux-gnu/libm-2.19.so
7f990c039000-7f990ccf8000 r-xp 00000000 08:05 1180606                    /usr/local/java/jdk1.8.0_77/jre/lib/amd64/server/libjvm.so
7f990ccf8000-7f990cef7000 ---p 00cbf000 08:05 1180606                    /usr/local/java/jdk1.8.0_77/jre/lib/amd64/server/libjvm.so
7f990cef7000-7f990cfd0000 rw-p 00cbe000 08:05 1180606                    /usr/local/java/jdk1.8.0_77/jre/lib/amd64/server/libjvm.so
7f990cfd0000-7f990d019000 rw-p 00000000 00:00 0 
7f990d019000-7f990d1d4000 r-xp 00000000 08:05 397176                     /lib/x86_64-linux-gnu/libc-2.19.so
7f990d1d4000-7f990d3d3000 ---p 001bb000 08:05 397176                     /lib/x86_64-linux-gnu/libc-2.19.so
7f990d3d3000-7f990d3d7000 r--p 001ba000 08:05 397176                     /lib/x86_64-linux-gnu/libc-2.19.so
7f990d3d7000-7f990d3d9000 rw-p 001be000 08:05 397176                     /lib/x86_64-linux-gnu/libc-2.19.so
7f990d3d9000-7f990d3de000 rw-p 00000000 00:00 0 
7f990d3de000-7f990d3e1000 r-xp 00000000 08:05 397193                     /lib/x86_64-linux-gnu/libdl-2.19.so
7f990d3e1000-7f990d5e0000 ---p 00003000 08:05 397193                     /lib/x86_64-linux-gnu/libdl-2.19.so
7f990d5e0000-7f990d5e1000 r--p 00002000 08:05 397193                     /lib/x86_64-linux-gnu/libdl-2.19.so
7f990d5e1000-7f990d5e2000 rw-p 00003000 08:05 397193                     /lib/x86_64-linux-gnu/libdl-2.19.so
7f990d5e2000-7f990d5f7000 r-xp 00000000 08:05 1180537                    /usr/local/java/jdk1.8.0_77/jre/lib/amd64/jli/libjli.so
7f990d5f7000-7f990d7f7000 ---p 00015000 08:05 1180537                    /usr/local/java/jdk1.8.0_77/jre/lib/amd64/jli/libjli.so
7f990d7f7000-7f990d7f8000 rw-p 00015000 08:05 1180537                    /usr/local/java/jdk1.8.0_77/jre/lib/amd64/jli/libjli.so
7f990d7f8000-7f990d811000 r-xp 00000000 08:05 397296                     /lib/x86_64-linux-gnu/libpthread-2.19.so
7f990d811000-7f990da10000 ---p 00019000 08:05 397296                     /lib/x86_64-linux-gnu/libpthread-2.19.so
7f990da10000-7f990da11000 r--p 00018000 08:05 397296                     /lib/x86_64-linux-gnu/libpthread-2.19.so
7f990da11000-7f990da12000 rw-p 00019000 08:05 397296                     /lib/x86_64-linux-gnu/libpthread-2.19.so
7f990da12000-7f990da16000 rw-p 00000000 00:00 0 
7f990da16000-7f990da39000 r-xp 00000000 08:05 397152                     /lib/x86_64-linux-gnu/ld-2.19.so
7f990da39000-7f990da3a000 r--s 00009000 08:07 393302                     /home/paballo/.m2/repository/org/apache/tomcat/tomcat-juli/8.0.33/tomcat-juli-8.0.33.jar
7f990da3a000-7f990da48000 r--s 001a1000 08:07 393300                     /home/paballo/.m2/repository/com/h2database/h2/1.4.191/h2-1.4.191.jar
7f990da48000-7f990da4f000 r--s 00097000 08:07 534832                     /home/paballo/.m2/repository/org/postgresql/postgresql/9.4.1208.jre7/postgresql-9.4.1208.jre7.jar
7f990da4f000-7f990da50000 r--s 00002000 08:07 143238                     /home/paballo/.m2/repository/org/springframework/cloud/spring-cloud-heroku-connector/1.2.2.RELEASE/spring-cloud-heroku-connector-1.2.2.RELEASE.jar
7f990da50000-7f990da53000 r--s 00008000 08:07 143240                     /home/paballo/.m2/repository/org/springframework/cloud/spring-cloud-core/1.2.2.RELEASE/spring-cloud-core-1.2.2.RELEASE.jar
7f990da53000-7f990da5b000 r--s 0006c000 08:07 534831                     /home/paballo/.m2/repository/org/springframework/security/spring-security-config/4.0.4.RELEASE/spring-security-config-4.0.4.RELEASE.jar
7f990da5b000-7f990da5f000 r--s 00027000 08:07 535463                     /home/paballo/grassroot-platform/grassroot-core/target/grassroot-core-1.0-SNAPSHOT.jar
7f990da5f000-7f990db1c000 rw-p 00000000 00:00 0 
7f990db1c000-7f990db1f000 ---p 00000000 00:00 0 
7f990db1f000-7f990dc21000 rw-p 00000000 00:00 0                          [stack:7742]
7f990dc21000-7f990dc24000 r--s 0000f000 08:07 143239                     /home/paballo/.m2/repository/org/springframework/cloud/spring-cloud-spring-service-connector/1.2.2.RELEASE/spring-cloud-spring-service-connector-1.2.2.RELEASE.jar
7f990dc24000-7f990dc29000 r--s 00020000 08:07 399702                     /home/paballo/.m2/repository/org/apache/maven/surefire/surefire-api/2.18.1/surefire-api-2.18.1.jar
7f990dc29000-7f990dc2b000 r--s 00008000 08:07 399707                     /home/paballo/.m2/repository/org/apache/maven/surefire/surefire-booter/2.18.1/surefire-booter-2.18.1.jar
7f990dc2b000-7f990dc2c000 r--s 00003000 08:07 346917                     /home/paballo/grassroot-platform/grassroot-services/target/surefire/surefirebooter7439901305459119037.jar
7f990dc2c000-7f990dc34000 rw-s 00000000 08:05 403725                     /tmp/hsperfdata_paballo/7741
7f990dc34000-7f990dc35000 rw-p 00000000 00:00 0 
7f990dc35000-7f990dc36000 ---p 00000000 00:00 0 
7f990dc36000-7f990dc38000 rw-p 00000000 00:00 0 
7f990dc38000-7f990dc39000 r--p 00022000 08:05 397152                     /lib/x86_64-linux-gnu/ld-2.19.so
7f990dc39000-7f990dc3a000 rw-p 00023000 08:05 397152                     /lib/x86_64-linux-gnu/ld-2.19.so
7f990dc3a000-7f990dc3b000 rw-p 00000000 00:00 0 
7ffe5b8b9000-7ffe5b8db000 rw-p 00000000 00:00 0                          [stack]
7ffe5b940000-7ffe5b942000 r--p 00000000 00:00 0                          [vvar]
7ffe5b942000-7ffe5b944000 r-xp 00000000 00:00 0                          [vdso]
ffffffffff600000-ffffffffff601000 r-xp 00000000 00:00 0                  [vsyscall]

VM Arguments:
java_command: /home/paballo/grassroot-platform/grassroot-services/target/surefire/surefirebooter7439901305459119037.jar /home/paballo/grassroot-platform/grassroot-services/target/surefire/surefire6299375175439688430tmp /home/paballo/grassroot-platform/grassroot-services/target/surefire/surefire_27718644346568708022tmp
java_class_path (initial): /home/paballo/grassroot-platform/grassroot-services/target/surefire/surefirebooter7439901305459119037.jar
Launcher Type: SUN_STANDARD

Environment Variables:
JAVA_HOME=/usr/local/java/jdk1.8.0_77
JRE_HOME=/usr/local/java/jre1.8.0_77
PATH=/usr/local/sbin:/usr/local/bin:/usr/sbin:/usr/bin:/sbin:/bin:/usr/games:/usr/local/games:/usr/local/java/jre1.8.0_77/bin:/usr/local/java/jdk1.8.0_77/bin:/home/paballo/opt/gradle/bin
SHELL=/bin/bash
DISPLAY=:0

Signal Handlers:
SIGSEGV: [libjvm.so+0xabb070], sa_mask[0]=11111111011111111101111111111110, sa_flags=SA_RESTART|SA_SIGINFO
SIGBUS: [libjvm.so+0xabb070], sa_mask[0]=11111111011111111101111111111110, sa_flags=SA_RESTART|SA_SIGINFO
SIGFPE: [libjvm.so+0x918480], sa_mask[0]=11111111011111111101111111111110, sa_flags=SA_RESTART|SA_SIGINFO
SIGPIPE: [libjvm.so+0x918480], sa_mask[0]=11111111011111111101111111111110, sa_flags=SA_RESTART|SA_SIGINFO
SIGXFSZ: [libjvm.so+0x918480], sa_mask[0]=11111111011111111101111111111110, sa_flags=SA_RESTART|SA_SIGINFO
SIGILL: [libjvm.so+0x918480], sa_mask[0]=11111111011111111101111111111110, sa_flags=SA_RESTART|SA_SIGINFO
SIGUSR1: SIG_DFL, sa_mask[0]=00000000000000000000000000000000, sa_flags=none
SIGUSR2: [libjvm.so+0x919ab0], sa_mask[0]=00100000000000000000000000000000, sa_flags=SA_RESTART|SA_SIGINFO
SIGHUP: [libjvm.so+0x91aeb0], sa_mask[0]=11111111011111111101111111111110, sa_flags=SA_RESTART|SA_SIGINFO
SIGINT: [libjvm.so+0x91aeb0], sa_mask[0]=11111111011111111101111111111110, sa_flags=SA_RESTART|SA_SIGINFO
SIGTERM: [libjvm.so+0x91aeb0], sa_mask[0]=11111111011111111101111111111110, sa_flags=SA_RESTART|SA_SIGINFO
SIGQUIT: [libjvm.so+0x91aeb0], sa_mask[0]=11111111011111111101111111111110, sa_flags=SA_RESTART|SA_SIGINFO


---------------  S Y S T E M  ---------------

OS:DISTRIB_ID=Ubuntu
DISTRIB_RELEASE=14.04
DISTRIB_CODENAME=trusty
DISTRIB_DESCRIPTION="Ubuntu 14.04.4 LTS"

uname:Linux 4.2.0-35-generic #40~14.04.1-Ubuntu SMP Fri Mar 18 16:37:35 UTC 2016 x86_64
libc:glibc 2.19 NPTL 2.19 
rlimit: STACK 8192k, CORE 0k, NPROC 15031, NOFILE 4096, AS infinity
load average:27,94 10,11 4,48

/proc/meminfo:
MemTotal:        3944692 kB
MemFree:           27744 kB
MemAvailable:      60884 kB
Buffers:             400 kB
Cached:           296288 kB
SwapCached:         1588 kB
Active:          2975324 kB
Inactive:         761100 kB
Active(anon):    2964604 kB
Inactive(anon):   749772 kB
Active(file):      10720 kB
Inactive(file):    11328 kB
Unevictable:          32 kB
Mlocked:              32 kB
SwapTotal:       4090876 kB
SwapFree:              0 kB
Dirty:                20 kB
Writeback:             0 kB
AnonPages:       3438528 kB
Mapped:            27348 kB
Shmem:            274508 kB
Slab:              77976 kB
SReclaimable:      40420 kB
SUnreclaim:        37556 kB
KernelStack:       11408 kB
PageTables:        49060 kB
NFS_Unstable:          0 kB
Bounce:                0 kB
WritebackTmp:          0 kB
CommitLimit:     6063220 kB
Committed_AS:   11551384 kB
VmallocTotal:   34359738367 kB
VmallocUsed:      362580 kB
VmallocChunk:   34358947836 kB
HardwareCorrupted:     0 kB
AnonHugePages:    362496 kB
CmaTotal:              0 kB
CmaFree:               0 kB
HugePages_Total:       0
HugePages_Free:        0
HugePages_Rsvd:        0
HugePages_Surp:        0
Hugepagesize:       2048 kB
DirectMap4k:      112700 kB
DirectMap2M:     2930688 kB
DirectMap1G:     1048576 kB


CPU:total 4 (2 cores per cpu, 2 threads per core) family 6 model 61 stepping 4, cmov, cx8, fxsr, mmx, sse, sse2, sse3, ssse3, sse4.1, sse4.2, popcnt, avx, avx2, aes, clmul, erms, 3dnowpref, lzcnt, ht, tsc, tscinvbit, bmi1, bmi2, adx

/proc/cpuinfo:
processor	: 0
vendor_id	: GenuineIntel
cpu family	: 6
model		: 61
model name	: Intel(R) Core(TM) M-5Y10c CPU @ 0.80GHz
stepping	: 4
microcode	: 0x1d
cpu MHz		: 1610.429
cache size	: 4096 KB
physical id	: 0
siblings	: 4
core id		: 0
cpu cores	: 2
apicid		: 0
initial apicid	: 0
fpu		: yes
fpu_exception	: yes
cpuid level	: 20
wp		: yes
flags		: fpu vme de pse tsc msr pae mce cx8 apic sep mtrr pge mca cmov pat pse36 clflush dts acpi mmx fxsr sse sse2 ss ht tm pbe syscall nx pdpe1gb rdtscp lm constant_tsc arch_perfmon pebs bts rep_good nopl xtopology nonstop_tsc aperfmperf eagerfpu pni pclmulqdq dtes64 monitor ds_cpl vmx est tm2 ssse3 fma cx16 xtpr pdcm pcid sse4_1 sse4_2 x2apic movbe popcnt tsc_deadline_timer aes xsave avx f16c rdrand lahf_lm abm 3dnowprefetch ida arat epb pln pts dtherm intel_pt tpr_shadow vnmi flexpriority ept vpid fsgsbase tsc_adjust bmi1 avx2 smep bmi2 erms invpcid rdseed adx smap xsaveopt
bugs		:
bogomips	: 1995.23
clflush size	: 64
cache_alignment	: 64
address sizes	: 39 bits physical, 48 bits virtual
power management:

processor	: 1
vendor_id	: GenuineIntel
cpu family	: 6
model		: 61
model name	: Intel(R) Core(TM) M-5Y10c CPU @ 0.80GHz
stepping	: 4
microcode	: 0x1d
cpu MHz		: 1126.406
cache size	: 4096 KB
physical id	: 0
siblings	: 4
core id		: 1
cpu cores	: 2
apicid		: 2
initial apicid	: 2
fpu		: yes
fpu_exception	: yes
cpuid level	: 20
wp		: yes
flags		: fpu vme de pse tsc msr pae mce cx8 apic sep mtrr pge mca cmov pat pse36 clflush dts acpi mmx fxsr sse sse2 ss ht tm pbe syscall nx pdpe1gb rdtscp lm constant_tsc arch_perfmon pebs bts rep_good nopl xtopology nonstop_tsc aperfmperf eagerfpu pni pclmulqdq dtes64 monitor ds_cpl vmx est tm2 ssse3 fma cx16 xtpr pdcm pcid sse4_1 sse4_2 x2apic movbe popcnt tsc_deadline_timer aes xsave avx f16c rdrand lahf_lm abm 3dnowprefetch ida arat epb pln pts dtherm intel_pt tpr_shadow vnmi flexpriority ept vpid fsgsbase tsc_adjust bmi1 avx2 smep bmi2 erms invpcid rdseed adx smap xsaveopt
bugs		:
bogomips	: 1995.23
clflush size	: 64
cache_alignment	: 64
address sizes	: 39 bits physical, 48 bits virtual
power management:

processor	: 2
vendor_id	: GenuineIntel
cpu family	: 6
model		: 61
model name	: Intel(R) Core(TM) M-5Y10c CPU @ 0.80GHz
stepping	: 4
microcode	: 0x1d
cpu MHz		: 1703.046
cache size	: 4096 KB
physical id	: 0
siblings	: 4
core id		: 0
cpu cores	: 2
apicid		: 1
initial apicid	: 1
fpu		: yes
fpu_exception	: yes
cpuid level	: 20
wp		: yes
flags		: fpu vme de pse tsc msr pae mce cx8 apic sep mtrr pge mca cmov pat pse36 clflush dts acpi mmx fxsr sse sse2 ss ht tm pbe syscall nx pdpe1gb rdtscp lm constant_tsc arch_perfmon pebs bts rep_good nopl xtopology nonstop_tsc aperfmperf eagerfpu pni pclmulqdq dtes64 monitor ds_cpl vmx est tm2 ssse3 fma cx16 xtpr pdcm pcid sse4_1 sse4_2 x2apic movbe popcnt tsc_deadline_timer aes xsave avx f16c rdrand lahf_lm abm 3dnowprefetch ida arat epb pln pts dtherm intel_pt tpr_shadow vnmi flexpriority ept vpid fsgsbase tsc_adjust bmi1 avx2 smep bmi2 erms invpcid rdseed adx smap xsaveopt
bugs		:
bogomips	: 1995.23
clflush size	: 64
cache_alignment	: 64
address sizes	: 39 bits physical, 48 bits virtual
power management:

processor	: 3
vendor_id	: GenuineIntel
cpu family	: 6
model		: 61
model name	: Intel(R) Core(TM) M-5Y10c CPU @ 0.80GHz
stepping	: 4
microcode	: 0x1d
cpu MHz		: 1173.242
cache size	: 4096 KB
physical id	: 0
siblings	: 4
core id		: 1
cpu cores	: 2
apicid		: 3
initial apicid	: 3
fpu		: yes
fpu_exception	: yes
cpuid level	: 20
wp		: yes
flags		: fpu vme de pse tsc msr pae mce cx8 apic sep mtrr pge mca cmov pat pse36 clflush dts acpi mmx fxsr sse sse2 ss ht tm pbe syscall nx pdpe1gb rdtscp lm constant_tsc arch_perfmon pebs bts rep_good nopl xtopology nonstop_tsc aperfmperf eagerfpu pni pclmulqdq dtes64 monitor ds_cpl vmx est tm2 ssse3 fma cx16 xtpr pdcm pcid sse4_1 sse4_2 x2apic movbe popcnt tsc_deadline_timer aes xsave avx f16c rdrand lahf_lm abm 3dnowprefetch ida arat epb pln pts dtherm intel_pt tpr_shadow vnmi flexpriority ept vpid fsgsbase tsc_adjust bmi1 avx2 smep bmi2 erms invpcid rdseed adx smap xsaveopt
bugs		:
bogomips	: 1995.23
clflush size	: 64
cache_alignment	: 64
address sizes	: 39 bits physical, 48 bits virtual
power management:



Memory: 4k page, physical 3944692k(26992k free), swap 4090876k(0k free)

vm_info: Java HotSpot(TM) 64-Bit Server VM (25.77-b03) for linux-amd64 JRE (1.8.0_77-b03), built on Mar 20 2016 22:00:46 by "java_re" with gcc 4.3.0 20080428 (Red Hat 4.3.0-8)

time: Tue Jul 12 14:37:29 2016
elapsed time: 72 seconds (0d 0h 1m 12s)

