#
# There is insufficient memory for the Java Runtime Environment to continue.
# Native memory allocation (mmap) failed to map 47185920 bytes for committing reserved memory.
# Possible reasons:
#   The system is out of physical RAM or swap space
#   In 32 bit mode, the process size limit was hit
# Possible solutions:
#   Reduce memory load on the system
#   Increase physical memory or swap space
#   Check if swap backing store is full
#   Use 64 bit Java on a 64 bit OS
#   Decrease Java heap size (-Xmx/-Xms)
#   Decrease number of Java threads
#   Decrease Java thread stack sizes (-Xss)
#   Set larger code cache with -XX:ReservedCodeCacheSize=
# This output file may be truncated or incomplete.
#
#  Out of Memory Error (os_linux.cpp:2627), pid=11933, tid=139623560886016
#
# JRE version: Java(TM) SE Runtime Environment (8.0_77-b03) (build 1.8.0_77-b03)
# Java VM: Java HotSpot(TM) 64-Bit Server VM (25.77-b03 mixed mode linux-amd64 compressed oops)
# Failed to write core dump. Core dumps have been disabled. To enable core dumping, try "ulimit -c unlimited" before starting Java again
#

---------------  T H R E A D  ---------------

Current thread (0x00007efcb407d800):  VMThread [stack: 0x00007efca4afb000,0x00007efca4bfc000] [id=11940]

Stack: [0x00007efca4afb000,0x00007efca4bfc000],  sp=0x00007efca4bfa2c0,  free space=1020k
Native frames: (J=compiled Java code, j=interpreted, Vv=VM code, C=native code)
V  [libjvm.so+0xaba7ea]  VMError::report_and_die()+0x2ba
V  [libjvm.so+0x4f9e3b]  report_vm_out_of_memory(char const*, int, unsigned long, VMErrorType, char const*)+0x8b
V  [libjvm.so+0x91b613]  os::Linux::commit_memory_impl(char*, unsigned long, bool)+0x103
V  [libjvm.so+0x91bb69]  os::pd_commit_memory(char*, unsigned long, unsigned long, bool)+0x29
V  [libjvm.so+0x915e6a]  os::commit_memory(char*, unsigned long, unsigned long, bool)+0x2a
V  [libjvm.so+0x989543]  PSVirtualSpace::expand_by(unsigned long)+0x53
V  [libjvm.so+0x979e30]  PSOldGen::expand(unsigned long)+0x170
V  [libjvm.so+0x97a03b]  PSOldGen::resize(unsigned long)+0x1cb
V  [libjvm.so+0x981d11]  PSParallelCompact::invoke_no_policy(bool)+0x991
V  [libjvm.so+0x982003]  PSParallelCompact::invoke(bool)+0x63
V  [libjvm.so+0x480fa4]  CollectedHeap::collect_as_vm_thread(GCCause::Cause)+0x114
V  [libjvm.so+0xabbc61]  VM_CollectForMetadataAllocation::doit()+0x161
V  [libjvm.so+0xac3c35]  VM_Operation::evaluate()+0x55
V  [libjvm.so+0xac200a]  VMThread::evaluate_operation(VM_Operation*)+0xba
V  [libjvm.so+0xac238e]  VMThread::loop()+0x1ce
V  [libjvm.so+0xac2800]  VMThread::run()+0x70
V  [libjvm.so+0x91d9d8]  java_start(Thread*)+0x108

VM_Operation (0x00007efc9d76de80): CollectForMetadataAllocation, mode: safepoint, requested by thread 0x00007efc5827f800


---------------  P R O C E S S  ---------------

Java Threads: ( => current thread )
  0x00007efc5c16e800 JavaThread "Tomcat JDBC Pool Cleaner[1943105171:1468096651781]" daemon [_thread_blocked, id=11963, stack(0x00007efc9d37a000,0x00007efc9d47b000)]
  0x00007efc5827f800 JavaThread "localhost-startStop-1" daemon [_thread_blocked, id=11961, stack(0x00007efc9d67b000,0x00007efc9d77c000)]
  0x00007efc64ca8000 JavaThread "Tomcat-startStop-1" daemon [_thread_blocked, id=11960, stack(0x00007efc9ec3f000,0x00007efc9ed40000)]
  0x00007efc60002000 JavaThread "restartedMain" [_thread_blocked, id=11950, stack(0x00007efc9f560000,0x00007efc9f661000)]
  0x00007efcb4827000 JavaThread "Thread-0" [_thread_blocked, id=11949, stack(0x00007efc9f661000,0x00007efc9f762000)]
  0x00007efcb40ce000 JavaThread "Service Thread" daemon [_thread_blocked, id=11947, stack(0x00007efc9fcfd000,0x00007efc9fdfe000)]
  0x00007efcb40c2800 JavaThread "C1 CompilerThread2" daemon [_thread_blocked, id=11946, stack(0x00007efc9fdfe000,0x00007efc9feff000)]
  0x00007efcb40c1000 JavaThread "C2 CompilerThread1" daemon [_thread_blocked, id=11945, stack(0x00007efc9feff000,0x00007efca0000000)]
  0x00007efcb40be000 JavaThread "C2 CompilerThread0" daemon [_thread_blocked, id=11944, stack(0x00007efca4015000,0x00007efca4116000)]
  0x00007efcb40bc800 JavaThread "Signal Dispatcher" daemon [_thread_blocked, id=11943, stack(0x00007efca4116000,0x00007efca4217000)]
  0x00007efcb408a000 JavaThread "Finalizer" daemon [_thread_blocked, id=11942, stack(0x00007efca48f9000,0x00007efca49fa000)]
  0x00007efcb4085000 JavaThread "Reference Handler" daemon [_thread_blocked, id=11941, stack(0x00007efca49fa000,0x00007efca4afb000)]
  0x00007efcb400f800 JavaThread "main" [_thread_blocked, id=11935, stack(0x00007efcbd168000,0x00007efcbd269000)]

Other Threads:
=>0x00007efcb407d800 VMThread [stack: 0x00007efca4afb000,0x00007efca4bfc000] [id=11940]
  0x00007efcb40d1000 WatcherThread [stack: 0x00007efc9fbfc000,0x00007efc9fcfd000] [id=11948]

VM state:at safepoint (normal execution)

VM Mutex/Monitor currently owned by a thread:  ([mutex/lock_event])
[0x00007efcb400b850] ExpandHeap_lock - owner thread: 0x00007efcb407d800
[0x00007efcb400bed0] Threads_lock - owner thread: 0x00007efcb407d800
[0x00007efcb400c3d0] Heap_lock - owner thread: 0x00007efc5827f800

Heap:
 PSYoungGen      total 295936K, used 0K [0x00000000ebf00000, 0x0000000100000000, 0x0000000100000000)
  eden space 281600K, 0% used [0x00000000ebf00000,0x00000000ebf00000,0x00000000fd200000)
  from space 14336K, 0% used [0x00000000fd200000,0x00000000fd200000,0x00000000fe000000)
  to   space 24064K, 0% used [0x00000000fe880000,0x00000000fe880000,0x0000000100000000)
 ParOldGen       total 53248K, used 49164K [0x00000000c3c00000, 0x00000000c7000000, 0x00000000ebf00000)
  object space 53248K, 92% used [0x00000000c3c00000,0x00000000c6c03208,0x00000000c7000000)
 Metaspace       used 57772K, capacity 58838K, committed 58968K, reserved 1101824K
  class space    used 7178K, capacity 7442K, committed 7552K, reserved 1048576K

Card table byte_map: [0x00007efcb9d42000,0x00007efcb9f25000] byte_map_base: 0x00007efcb9724000

Marking Bits: (ParMarkBitMap*) 0x00007efcbc63a100
 Begin Bits: [0x00007efc961e0000, 0x00007efc970f0000)
 End Bits:   [0x00007efc970f0000, 0x00007efc98000000)

Polling page: 0x00007efcbd281000

CodeCache: size=245760Kb used=22794Kb max_used=23059Kb free=222965Kb
 bounds [0x00007efca5000000, 0x00007efca66b0000, 0x00007efcb4000000]
 total_blobs=7723 nmethods=7234 adapters=400
 compilation: enabled

Compilation events (10 events):
Event: 26,290 Thread 0x00007efcb40be000 nmethod 8170 0x00007efca5e03210 code [0x00007efca5e03660, 0x00007efca5e057b8]
Event: 26,293 Thread 0x00007efcb40be000 8273       4       sun.reflect.generics.parser.SignatureParser::parseIdentifier (115 bytes)
Event: 26,447 Thread 0x00007efcb40c2800 8292  s    2       java.io.ByteArrayOutputStream::toByteArray (12 bytes)
Event: 26,482 Thread 0x00007efcb40be000 nmethod 8273 0x00007efca574ad10 code [0x00007efca574af80, 0x00007efca574ba18]
Event: 26,483 Thread 0x00007efcb40c2800 nmethod 8292 0x00007efca5e02b90 code [0x00007efca5e02d00, 0x00007efca5e030e8]
Event: 26,486 Thread 0x00007efcb40c2800 8294       2       sun.security.util.ObjectIdentifier::pack7Oid (84 bytes)
Event: 26,486 Thread 0x00007efcb40be000 8290       4       java.lang.String::regionMatches (149 bytes)
Event: 26,491 Thread 0x00007efcb40c2800 nmethod 8294 0x00007efca574cf10 code [0x00007efca574d0a0, 0x00007efca574d378]
Event: 26,491 Thread 0x00007efcb40c2800 8293       2       sun.security.util.ObjectIdentifier::pack7Oid (42 bytes)
Event: 26,491 Thread 0x00007efcb40c2800 nmethod 8293 0x00007efca5e02750 code [0x00007efca5e028c0, 0x00007efca5e02ac8]

GC Heap History (10 events):
Event: 14,813 GC heap after
Heap after GC invocations=15 (full 1):
 PSYoungGen      total 313856K, used 2133K [0x00000000ebf00000, 0x0000000100000000, 0x0000000100000000)
  eden space 299008K, 0% used [0x00000000ebf00000,0x00000000ebf00000,0x00000000fe300000)
  from space 14848K, 14% used [0x00000000ff180000,0x00000000ff3957e8,0x0000000100000000)
  to   space 14848K, 0% used [0x00000000fe300000,0x00000000fe300000,0x00000000ff180000)
 ParOldGen       total 35840K, used 25874K [0x00000000c3c00000, 0x00000000c5f00000, 0x00000000ebf00000)
  object space 35840K, 72% used [0x00000000c3c00000,0x00000000c5544868,0x00000000c5f00000)
 Metaspace       used 34963K, capacity 35244K, committed 35416K, reserved 1081344K
  class space    used 4428K, capacity 4475K, committed 4480K, reserved 1048576K
}
Event: 14,813 GC heap before
{Heap before GC invocations=16 (full 2):
 PSYoungGen      total 313856K, used 2133K [0x00000000ebf00000, 0x0000000100000000, 0x0000000100000000)
  eden space 299008K, 0% used [0x00000000ebf00000,0x00000000ebf00000,0x00000000fe300000)
  from space 14848K, 14% used [0x00000000ff180000,0x00000000ff3957e8,0x0000000100000000)
  to   space 14848K, 0% used [0x00000000fe300000,0x00000000fe300000,0x00000000ff180000)
 ParOldGen       total 35840K, used 25874K [0x00000000c3c00000, 0x00000000c5f00000, 0x00000000ebf00000)
  object space 35840K, 72% used [0x00000000c3c00000,0x00000000c5544868,0x00000000c5f00000)
 Metaspace       used 34963K, capacity 35244K, committed 35416K, reserved 1081344K
  class space    used 4428K, capacity 4475K, committed 4480K, reserved 1048576K
Event: 14,958 GC heap after
Heap after GC invocations=16 (full 2):
 PSYoungGen      total 313856K, used 0K [0x00000000ebf00000, 0x0000000100000000, 0x0000000100000000)
  eden space 299008K, 0% used [0x00000000ebf00000,0x00000000ebf00000,0x00000000fe300000)
  from space 14848K, 0% used [0x00000000ff180000,0x00000000ff180000,0x0000000100000000)
  to   space 14848K, 0% used [0x00000000fe300000,0x00000000fe300000,0x00000000ff180000)
 ParOldGen       total 53248K, used 20653K [0x00000000c3c00000, 0x00000000c7000000, 0x00000000ebf00000)
  object space 53248K, 38% used [0x00000000c3c00000,0x00000000c502b428,0x00000000c7000000)
 Metaspace       used 34963K, capacity 35244K, committed 35416K, reserved 1081344K
  class space    used 4428K, capacity 4475K, committed 4480K, reserved 1048576K
}
Event: 19,266 GC heap before
{Heap before GC invocations=17 (full 2):
 PSYoungGen      total 313856K, used 299008K [0x00000000ebf00000, 0x0000000100000000, 0x0000000100000000)
  eden space 299008K, 100% used [0x00000000ebf00000,0x00000000fe300000,0x00000000fe300000)
  from space 14848K, 0% used [0x00000000ff180000,0x00000000ff180000,0x0000000100000000)
  to   space 14848K, 0% used [0x00000000fe300000,0x00000000fe300000,0x00000000ff180000)
 ParOldGen       total 53248K, used 20653K [0x00000000c3c00000, 0x00000000c7000000, 0x00000000ebf00000)
  object space 53248K, 38% used [0x00000000c3c00000,0x00000000c502b428,0x00000000c7000000)
 Metaspace       used 41897K, capacity 42768K, committed 42968K, reserved 1087488K
  class space    used 5124K, capacity 5329K, committed 5376K, reserved 1048576K
Event: 19,319 GC heap after
Heap after GC invocations=17 (full 2):
 PSYoungGen      total 313344K, used 13970K [0x00000000ebf00000, 0x0000000100000000, 0x0000000100000000)
  eden space 299008K, 0% used [0x00000000ebf00000,0x00000000ebf00000,0x00000000fe300000)
  from space 14336K, 97% used [0x00000000fe300000,0x00000000ff0a4af8,0x00000000ff100000)
  to   space 15360K, 0% used [0x00000000ff100000,0x00000000ff100000,0x0000000100000000)
 ParOldGen       total 53248K, used 20661K [0x00000000c3c00000, 0x00000000c7000000, 0x00000000ebf00000)
  object space 53248K, 38% used [0x00000000c3c00000,0x00000000c502d428,0x00000000c7000000)
 Metaspace       used 41897K, capacity 42768K, committed 42968K, reserved 1087488K
  class space    used 5124K, capacity 5329K, committed 5376K, reserved 1048576K
}
Event: 22,848 GC heap before
{Heap before GC invocations=18 (full 2):
 PSYoungGen      total 313344K, used 312978K [0x00000000ebf00000, 0x0000000100000000, 0x0000000100000000)
  eden space 299008K, 100% used [0x00000000ebf00000,0x00000000fe300000,0x00000000fe300000)
  from space 14336K, 97% used [0x00000000fe300000,0x00000000ff0a4af8,0x00000000ff100000)
  to   space 15360K, 0% used [0x00000000ff100000,0x00000000ff100000,0x0000000100000000)
 ParOldGen       total 53248K, used 20661K [0x00000000c3c00000, 0x00000000c7000000, 0x00000000ebf00000)
  object space 53248K, 38% used [0x00000000c3c00000,0x00000000c502d428,0x00000000c7000000)
 Metaspace       used 52929K, capacity 53916K, committed 54232K, reserved 1097728K
  class space    used 6579K, capacity 6835K, committed 6912K, reserved 1048576K
Event: 22,935 GC heap after
Heap after GC invocations=18 (full 2):
 PSYoungGen      total 296960K, used 15341K [0x00000000ebf00000, 0x0000000100000000, 0x0000000100000000)
  eden space 281600K, 0% used [0x00000000ebf00000,0x00000000ebf00000,0x00000000fd200000)
  from space 15360K, 99% used [0x00000000ff100000,0x00000000ffffb6f8,0x0000000100000000)
  to   space 23552K, 0% used [0x00000000fd200000,0x00000000fd200000,0x00000000fe900000)
 ParOldGen       total 53248K, used 33156K [0x00000000c3c00000, 0x00000000c7000000, 0x00000000ebf00000)
  object space 53248K, 62% used [0x00000000c3c00000,0x00000000c5c612a0,0x00000000c7000000)
 Metaspace       used 52929K, capacity 53916K, committed 54232K, reserved 1097728K
  class space    used 6579K, capacity 6835K, committed 6912K, reserved 1048576K
}
Event: 26,551 GC heap before
{Heap before GC invocations=19 (full 2):
 PSYoungGen      total 296960K, used 218836K [0x00000000ebf00000, 0x0000000100000000, 0x0000000100000000)
  eden space 281600K, 72% used [0x00000000ebf00000,0x00000000f85b9ac8,0x00000000fd200000)
  from space 15360K, 99% used [0x00000000ff100000,0x00000000ffffb6f8,0x0000000100000000)
  to   space 23552K, 0% used [0x00000000fd200000,0x00000000fd200000,0x00000000fe900000)
 ParOldGen       total 53248K, used 33156K [0x00000000c3c00000, 0x00000000c7000000, 0x00000000ebf00000)
  object space 53248K, 62% used [0x00000000c3c00000,0x00000000c5c612a0,0x00000000c7000000)
 Metaspace       used 57772K, capacity 58838K, committed 58968K, reserved 1101824K
  class space    used 7178K, capacity 7442K, committed 7552K, reserved 1048576K
Event: 26,736 GC heap after
Heap after GC invocations=19 (full 2):
 PSYoungGen      total 295936K, used 14315K [0x00000000ebf00000, 0x0000000100000000, 0x0000000100000000)
  eden space 281600K, 0% used [0x00000000ebf00000,0x00000000ebf00000,0x00000000fd200000)
  from space 14336K, 99% used [0x00000000fd200000,0x00000000fdffada8,0x00000000fe000000)
  to   space 24064K, 0% used [0x00000000fe880000,0x00000000fe880000,0x0000000100000000)
 ParOldGen       total 53248K, used 43264K [0x00000000c3c00000, 0x00000000c7000000, 0x00000000ebf00000)
  object space 53248K, 81% used [0x00000000c3c00000,0x00000000c6640160,0x00000000c7000000)
 Metaspace       used 57772K, capacity 58838K, committed 58968K, reserved 1101824K
  class space    used 7178K, capacity 7442K, committed 7552K, reserved 1048576K
}
Event: 26,760 GC heap before
{Heap before GC invocations=20 (full 3):
 PSYoungGen      total 295936K, used 14315K [0x00000000ebf00000, 0x0000000100000000, 0x0000000100000000)
  eden space 281600K, 0% used [0x00000000ebf00000,0x00000000ebf00000,0x00000000fd200000)
  from space 14336K, 99% used [0x00000000fd200000,0x00000000fdffada8,0x00000000fe000000)
  to   space 24064K, 0% used [0x00000000fe880000,0x00000000fe880000,0x0000000100000000)
 ParOldGen       total 53248K, used 43264K [0x00000000c3c00000, 0x00000000c7000000, 0x00000000ebf00000)
  object space 53248K, 81% used [0x00000000c3c00000,0x00000000c6640160,0x00000000c7000000)
 Metaspace       used 57772K, capacity 58838K, committed 58968K, reserved 1101824K
  class space    used 7178K, capacity 7442K, committed 7552K, reserved 1048576K

Deoptimization events (10 events):
Event: 24,727 Thread 0x00007efc5827f800 Uncommon trap: reason=predicate action=maybe_recompile pc=0x00007efca57e10e4 method=java.util.StringTokenizer.skipDelimiters(I)I @ 17
Event: 24,727 Thread 0x00007efc5827f800 Uncommon trap: reason=unstable_if action=reinterpret pc=0x00007efca576763c method=java.util.StringTokenizer.scanToken(I)I @ 96
Event: 24,728 Thread 0x00007efc5827f800 Uncommon trap: reason=predicate action=maybe_recompile pc=0x00007efca6122cf0 method=java.util.StringTokenizer.skipDelimiters(I)I @ 17
Event: 24,848 Thread 0x00007efc5827f800 Uncommon trap: reason=unstable_if action=reinterpret pc=0x00007efca5120b20 method=java.lang.CharacterData.of(I)Ljava/lang/CharacterData; @ 4
Event: 24,996 Thread 0x00007efc5827f800 Uncommon trap: reason=unstable_if action=reinterpret pc=0x00007efca54be280 method=java.lang.String.indexOf([CII[CIII)I @ 27
Event: 24,996 Thread 0x00007efc5827f800 Uncommon trap: reason=unstable_if action=reinterpret pc=0x00007efca55b8428 method=java.lang.String.indexOf([CII[CIII)I @ 27
Event: 24,996 Thread 0x00007efc5827f800 Uncommon trap: reason=unstable_if action=reinterpret pc=0x00007efca52db164 method=java.lang.String.indexOf([CII[CIII)I @ 27
Event: 25,293 Thread 0x00007efc5827f800 Uncommon trap: reason=class_check action=maybe_recompile pc=0x00007efca5908664 method=org.springframework.beans.factory.support.AbstractBeanFactory.isTypeMatch(Ljava/lang/String;Lorg/springframework/core/ResolvableType;)Z @ 37
Event: 25,294 Thread 0x00007efc5827f800 Uncommon trap: reason=class_check action=maybe_recompile pc=0x00007efca5908664 method=org.springframework.beans.factory.support.AbstractBeanFactory.isTypeMatch(Ljava/lang/String;Lorg/springframework/core/ResolvableType;)Z @ 37
Event: 25,295 Thread 0x00007efc5827f800 Uncommon trap: reason=class_check action=maybe_recompile pc=0x00007efca5908664 method=org.springframework.beans.factory.support.AbstractBeanFactory.isTypeMatch(Ljava/lang/String;Lorg/springframework/core/ResolvableType;)Z @ 37

Internal exceptions (10 events):
Event: 25,617 Thread 0x00007efc5827f800 Exception <a 'java/lang/ClassNotFoundException': za/org/grassroot/core/domain/TaskCustomizer> (0x00000000f6ee40a0) thrown at [/HUDSON/workspace/8-2-build-linux-amd64/jdk8u77/6540/hotspot/src/share/vm/classfile/systemDictionary.cpp, line 210]
Event: 25,743 Thread 0x00007efc5827f800 Exception <a 'java/security/PrivilegedActionException'> (0x00000000f7434668) thrown at [/HUDSON/workspace/8-2-build-linux-amd64/jdk8u77/6540/hotspot/src/share/vm/prims/jvm.cpp, line 1386]
Event: 25,743 Thread 0x00007efc5827f800 Exception <a 'java/security/PrivilegedActionException'> (0x00000000f7435018) thrown at [/HUDSON/workspace/8-2-build-linux-amd64/jdk8u77/6540/hotspot/src/share/vm/prims/jvm.cpp, line 1386]
Event: 25,907 Thread 0x00007efc5827f800 Exception <a 'java/security/PrivilegedActionException'> (0x00000000f7b7fa30) thrown at [/HUDSON/workspace/8-2-build-linux-amd64/jdk8u77/6540/hotspot/src/share/vm/prims/jvm.cpp, line 1386]
Event: 25,908 Thread 0x00007efc5827f800 Exception <a 'java/security/PrivilegedActionException'> (0x00000000f7b803e0) thrown at [/HUDSON/workspace/8-2-build-linux-amd64/jdk8u77/6540/hotspot/src/share/vm/prims/jvm.cpp, line 1386]
Event: 26,149 Thread 0x00007efc5827f800 Exception <a 'java/lang/ClassNotFoundException': java/lang/ObjectCustomizer> (0x00000000f81cac90) thrown at [/HUDSON/workspace/8-2-build-linux-amd64/jdk8u77/6540/hotspot/src/share/vm/classfile/systemDictionary.cpp, line 210]
Event: 26,161 Thread 0x00007efc5827f800 Exception <a 'java/lang/ClassNotFoundException': za/org/grassroot/integration/services/SmsSendingManagerCustomizer> (0x00000000f81f3200) thrown at [/HUDSON/workspace/8-2-build-linux-amd64/jdk8u77/6540/hotspot/src/share/vm/classfile/systemDictionary.cpp, l
Event: 26,171 Thread 0x00007efc5827f800 Exception <a 'java/lang/ClassNotFoundException': java/lang/ObjectCustomizer> (0x00000000f821fb98) thrown at [/HUDSON/workspace/8-2-build-linux-amd64/jdk8u77/6540/hotspot/src/share/vm/classfile/systemDictionary.cpp, line 210]
Event: 26,175 Thread 0x00007efc5827f800 Exception <a 'java/lang/ClassNotFoundException': za/org/grassroot/integration/HttpConfigCustomizer> (0x00000000f8242fa0) thrown at [/HUDSON/workspace/8-2-build-linux-amd64/jdk8u77/6540/hotspot/src/share/vm/classfile/systemDictionary.cpp, line 210]
Event: 26,176 Thread 0x00007efc5827f800 Exception <a 'java/lang/ClassNotFoundException': za/org/grassroot/integration/HttpConfig$$EnhancerBySpringCGLIB$$ba4cea67Customizer> (0x00000000f8272288) thrown at [/HUDSON/workspace/8-2-build-linux-amd64/jdk8u77/6540/hotspot/src/share/vm/classfile/system

Events (10 events):
Event: 26,490 loading class sun/security/x509/X500Name
Event: 26,492 loading class sun/security/x509/GeneralNameInterface
Event: 26,494 loading class sun/security/x509/GeneralNameInterface done
Event: 26,503 loading class sun/security/x509/X500Name done
Event: 26,504 loading class sun/security/x509/X500Name$1
Event: 26,504 loading class sun/security/x509/X500Name$1 done
Event: 26,505 loading class javax/security/auth/x500/X500Principal
Event: 26,511 loading class javax/security/auth/x500/X500Principal done
Event: 26,530 loading class sun/security/x509/RDN
Event: 26,544 Executing VM operation: CollectForMetadataAllocation


Dynamic libraries:
00400000-00401000 r-xp 00000000 08:05 1071645                            /usr/local/java/jdk1.8.0_77/jre/bin/java
00600000-00601000 rw-p 00000000 08:05 1071645                            /usr/local/java/jdk1.8.0_77/jre/bin/java
02101000-02122000 rw-p 00000000 00:00 0                                  [heap]
c3c00000-c7000000 rw-p 00000000 00:00 0 
c9d00000-ebf00000 ---p 00000000 00:00 0 
ebf00000-100000000 rw-p 00000000 00:00 0 
100000000-100760000 rw-p 00000000 00:00 0 
100760000-140000000 ---p 00000000 00:00 0 
7efc50000000-7efc50021000 rw-p 00000000 00:00 0 
7efc50021000-7efc54000000 ---p 00000000 00:00 0 
7efc58000000-7efc582e6000 rw-p 00000000 00:00 0 
7efc582e6000-7efc5c000000 ---p 00000000 00:00 0 
7efc5c000000-7efc5d23b000 rw-p 00000000 00:00 0 
7efc5d23b000-7efc60000000 ---p 00000000 00:00 0 
7efc60000000-7efc60021000 rw-p 00000000 00:00 0 
7efc60021000-7efc64000000 ---p 00000000 00:00 0 
7efc64000000-7efc64ca9000 rw-p 00000000 00:00 0 
7efc64ca9000-7efc68000000 ---p 00000000 00:00 0 
7efc68000000-7efc68021000 rw-p 00000000 00:00 0 
7efc68021000-7efc6c000000 ---p 00000000 00:00 0 
7efc6c000000-7efc6c021000 rw-p 00000000 00:00 0 
7efc6c021000-7efc70000000 ---p 00000000 00:00 0 
7efc70000000-7efc71ef3000 rw-p 00000000 00:00 0 
7efc71ef3000-7efc74000000 ---p 00000000 00:00 0 
7efc74000000-7efc74bdf000 rw-p 00000000 00:00 0 
7efc74bdf000-7efc78000000 ---p 00000000 00:00 0 
7efc78000000-7efc78021000 rw-p 00000000 00:00 0 
7efc78021000-7efc7c000000 ---p 00000000 00:00 0 
7efc7c000000-7efc7dd02000 rw-p 00000000 00:00 0 
7efc7dd02000-7efc80000000 ---p 00000000 00:00 0 
7efc80000000-7efc80021000 rw-p 00000000 00:00 0 
7efc80021000-7efc84000000 ---p 00000000 00:00 0 
7efc84000000-7efc84021000 rw-p 00000000 00:00 0 
7efc84021000-7efc88000000 ---p 00000000 00:00 0 
7efc88000000-7efc88035000 rw-p 00000000 00:00 0 
7efc88035000-7efc8c000000 ---p 00000000 00:00 0 
7efc8c000000-7efc8c2b6000 rw-p 00000000 00:00 0 
7efc8c2b6000-7efc90000000 ---p 00000000 00:00 0 
7efc90000000-7efc90021000 rw-p 00000000 00:00 0 
7efc90021000-7efc94000000 ---p 00000000 00:00 0 
7efc959e0000-7efc95a20000 rw-p 00000000 00:00 0 
7efc95a20000-7efc95be0000 ---p 00000000 00:00 0 
7efc95be0000-7efc95de0000 rw-p 00000000 00:00 0 
7efc95de0000-7efc95fe0000 rw-p 00000000 00:00 0 
7efc95fe0000-7efc961e0000 rw-p 00000000 00:00 0 
7efc961e0000-7efc98000000 rw-p 00000000 00:00 0 
7efc98000000-7efc98021000 rw-p 00000000 00:00 0 
7efc98021000-7efc9c000000 ---p 00000000 00:00 0 
7efc9c141000-7efc9c341000 rw-p 00000000 00:00 0 
7efc9c341000-7efc9c541000 rw-p 00000000 00:00 0 
7efc9c541000-7efc9c741000 rw-p 00000000 00:00 0 
7efc9c741000-7efc9c941000 rw-p 00000000 00:00 0 
7efc9c941000-7efc9cb41000 rw-p 00000000 00:00 0 
7efc9cb41000-7efc9cb58000 r-xp 00000000 08:05 397302                     /lib/x86_64-linux-gnu/libresolv-2.19.so
7efc9cb58000-7efc9cd58000 ---p 00017000 08:05 397302                     /lib/x86_64-linux-gnu/libresolv-2.19.so
7efc9cd58000-7efc9cd59000 r--p 00017000 08:05 397302                     /lib/x86_64-linux-gnu/libresolv-2.19.so
7efc9cd59000-7efc9cd5a000 rw-p 00018000 08:05 397302                     /lib/x86_64-linux-gnu/libresolv-2.19.so
7efc9cd5a000-7efc9cd5c000 rw-p 00000000 00:00 0 
7efc9cd5c000-7efc9cd61000 r-xp 00000000 08:05 397249                     /lib/x86_64-linux-gnu/libnss_dns-2.19.so
7efc9cd61000-7efc9cf60000 ---p 00005000 08:05 397249                     /lib/x86_64-linux-gnu/libnss_dns-2.19.so
7efc9cf60000-7efc9cf61000 r--p 00004000 08:05 397249                     /lib/x86_64-linux-gnu/libnss_dns-2.19.so
7efc9cf61000-7efc9cf62000 rw-p 00005000 08:05 397249                     /lib/x86_64-linux-gnu/libnss_dns-2.19.so
7efc9cf62000-7efc9cf64000 r-xp 00000000 08:05 397257                     /lib/x86_64-linux-gnu/libnss_mdns4_minimal.so.2
7efc9cf64000-7efc9d163000 ---p 00002000 08:05 397257                     /lib/x86_64-linux-gnu/libnss_mdns4_minimal.so.2
7efc9d163000-7efc9d164000 r--p 00001000 08:05 397257                     /lib/x86_64-linux-gnu/libnss_mdns4_minimal.so.2
7efc9d164000-7efc9d165000 rw-p 00002000 08:05 397257                     /lib/x86_64-linux-gnu/libnss_mdns4_minimal.so.2
7efc9d175000-7efc9d176000 rw-p 00000000 00:00 0 
7efc9d176000-7efc9d177000 r--s 00009000 08:05 1071805                    /usr/local/java/jdk1.8.0_77/jre/lib/ext/sunec.jar
7efc9d177000-7efc9d17a000 r--s 0001a000 08:05 1071882                    /usr/local/java/jdk1.8.0_77/jre/lib/jce.jar
7efc9d17a000-7efc9d37a000 rw-p 00000000 00:00 0 
7efc9d37a000-7efc9d37d000 ---p 00000000 00:00 0 
7efc9d37d000-7efc9d671000 rw-p 00000000 00:00 0                          [stack:11963]
7efc9d671000-7efc9d67b000 ---p 00000000 00:00 0 
7efc9d67b000-7efc9d67e000 ---p 00000000 00:00 0 
7efc9d67e000-7efc9d97c000 rw-p 00000000 00:00 0                          [stack:11961]
7efc9d97c000-7efc9d980000 r--s 00097000 08:05 1071803                    /usr/local/java/jdk1.8.0_77/jre/lib/jsse.jar
7efc9d980000-7efc9d992000 r--s 00345000 08:05 1071789                    /usr/local/java/jdk1.8.0_77/jre/lib/resources.jar
7efc9d992000-7efc9db92000 rw-p 00000000 00:00 0 
7efc9db92000-7efc9dd92000 rw-p 00000000 00:00 0 
7efc9dd92000-7efc9df92000 rw-p 00000000 00:00 0 
7efc9df92000-7efc9e192000 rw-p 00000000 00:00 0 
7efc9e192000-7efc9e228000 r--s 01102000 08:05 1071808                    /usr/local/java/jdk1.8.0_77/jre/lib/ext/jfxrt.jar
7efc9e228000-7efc9e239000 r-xp 00000000 08:05 1182374                    /usr/local/java/jdk1.8.0_77/jre/lib/amd64/libnio.so
7efc9e239000-7efc9e438000 ---p 00011000 08:05 1182374                    /usr/local/java/jdk1.8.0_77/jre/lib/amd64/libnio.so
7efc9e438000-7efc9e439000 rw-p 00010000 08:05 1182374                    /usr/local/java/jdk1.8.0_77/jre/lib/amd64/libnio.so
7efc9e439000-7efc9e639000 rw-p 00000000 00:00 0 
7efc9e639000-7efc9e839000 rw-p 00000000 00:00 0 
7efc9e839000-7efc9ea39000 rw-p 00000000 00:00 0 
7efc9ea39000-7efc9ec39000 rw-p 00000000 00:00 0 
7efc9ec39000-7efc9ec3f000 r--s 002f8000 08:05 1071749                    /usr/local/java/jdk1.8.0_77/jre/lib/charsets.jar
7efc9ec3f000-7efc9ec42000 ---p 00000000 00:00 0 
7efc9ec42000-7efc9ef40000 rw-p 00000000 00:00 0                          [stack:11960]
7efc9ef40000-7efc9ef56000 r-xp 00000000 08:05 1182371                    /usr/local/java/jdk1.8.0_77/jre/lib/amd64/libnet.so
7efc9ef56000-7efc9f156000 ---p 00016000 08:05 1182371                    /usr/local/java/jdk1.8.0_77/jre/lib/amd64/libnet.so
7efc9f156000-7efc9f157000 rw-p 00016000 08:05 1182371                    /usr/local/java/jdk1.8.0_77/jre/lib/amd64/libnet.so
7efc9f157000-7efc9f160000 r-xp 00000000 08:05 1187845                    /usr/local/java/jdk1.8.0_77/jre/lib/amd64/libmanagement.so
7efc9f160000-7efc9f35f000 ---p 00009000 08:05 1187845                    /usr/local/java/jdk1.8.0_77/jre/lib/amd64/libmanagement.so
7efc9f35f000-7efc9f360000 rw-p 00008000 08:05 1187845                    /usr/local/java/jdk1.8.0_77/jre/lib/amd64/libmanagement.so
7efc9f360000-7efc9f560000 rw-p 00000000 00:00 0 
7efc9f560000-7efc9f563000 ---p 00000000 00:00 0 
7efc9f563000-7efc9f661000 rw-p 00000000 00:00 0                          [stack:11950]
7efc9f661000-7efc9f664000 ---p 00000000 00:00 0 
7efc9f664000-7efc9f762000 rw-p 00000000 00:00 0                          [stack:11949]
7efc9f762000-7efc9f769000 r--s 00049000 08:07 399186                     /home/paballo/.m2/repository/org/apache/httpcomponents/httpcore/4.4.4/httpcore-4.4.4.jar
7efc9f769000-7efc9f76c000 r--s 0000c000 08:07 534895                     /home/paballo/.m2/repository/org/springframework/spring-aspects/4.2.6.RELEASE/spring-aspects-4.2.6.RELEASE.jar
7efc9f76c000-7efc9f774000 r--s 00049000 08:07 135984                     /home/paballo/.m2/repository/backport-util-concurrent/backport-util-concurrent/3.1/backport-util-concurrent-3.1.jar
7efc9f774000-7efc9f777000 r--s 0001b000 08:07 136591                     /home/paballo/.m2/repository/xpp3/xpp3/1.1.4c/xpp3-1.1.4c.jar
7efc9f777000-7efc9f778000 r--s 00000000 08:07 530833                     /home/paballo/.m2/repository/org/igniterealtime/smack/smack-resolver-javax/4.0.7/smack-resolver-javax-4.0.7.jar
7efc9f778000-7efc9f782000 r--s 00069000 08:07 534877                     /home/paballo/.m2/repository/ch/qos/logback/logback-core/1.1.7/logback-core-1.1.7.jar
7efc9f782000-7efc9f785000 r--s 00009000 08:07 534834                     /home/paballo/.m2/repository/com/fasterxml/jackson/core/jackson-annotations/2.6.6/jackson-annotations-2.6.6.jar
7efc9f785000-7efc9f7a3000 r--s 00110000 08:07 399745                     /home/paballo/.m2/repository/org/mockito/mockito-all/1.10.19/mockito-all-1.10.19.jar
7efc9f7a3000-7efc9f7a4000 r--s 00008000 08:07 136566                     /home/paballo/.m2/repository/org/thymeleaf/extras/thymeleaf-extras-java8time/2.1.0.RELEASE/thymeleaf-extras-java8time-2.1.0.RELEASE.jar
7efc9f7a4000-7efc9f7a5000 r--s 00000000 08:07 534885                     /home/paballo/.m2/repository/org/springframework/boot/spring-boot-starter-aop/1.3.5.RELEASE/spring-boot-starter-aop-1.3.5.RELEASE.jar
7efc9f7a5000-7efc9f7be000 r--s 000f3000 08:07 534855                     /home/paballo/.m2/repository/org/springframework/spring-context/4.2.6.RELEASE/spring-context-4.2.6.RELEASE.jar
7efc9f7be000-7efc9f80a000 r--s 0040d000 08:07 534958                     /home/paballo/.m2/repository/org/codehaus/groovy/groovy/2.4.6/groovy-2.4.6.jar
7efc9f80a000-7efc9f812000 r--s 0006c000 08:07 534831                     /home/paballo/.m2/repository/org/springframework/security/spring-security-config/4.0.4.RELEASE/spring-security-config-4.0.4.RELEASE.jar
7efc9f812000-7efc9f814000 r--s 00006000 08:07 530256                     /home/paballo/.m2/repository/javax/transaction/javax.transaction-api/1.2/javax.transaction-api-1.2.jar
7efc9f814000-7efc9f815000 r--s 00000000 08:07 534875                     /home/paballo/.m2/repository/org/springframework/boot/spring-boot-starter-logging/1.3.5.RELEASE/spring-boot-starter-logging-1.3.5.RELEASE.jar
7efc9f815000-7efc9f817000 r--s 00007000 08:07 534852                     /home/paballo/.m2/repository/org/springframework/integration/spring-integration-xmpp/4.2.5.RELEASE/spring-integration-xmpp-4.2.5.RELEASE.jar
7efc9f817000-7efc9f819000 r--s 0000c000 08:07 534853                     /home/paballo/.m2/repository/org/springframework/integration/spring-integration-mail/4.2.5.RELEASE/spring-integration-mail-4.2.5.RELEASE.jar
7efc9f819000-7efc9f834000 r--s 0012e000 08:07 398999                     /home/paballo/.m2/repository/net/sf/ehcache/ehcache-core/2.6.11/ehcache-core-2.6.11.jar
7efc9f834000-7efc9f835000 r--s 00004000 08:07 530843                     /home/paballo/.m2/repository/org/igniterealtime/smack/smack-tcp/4.0.7/smack-tcp-4.0.7.jar
7efc9f835000-7efc9f846000 r--s 0010d000 08:07 534837                     /home/paballo/.m2/repository/com/fasterxml/jackson/core/jackson-databind/2.6.6/jackson-databind-2.6.6.jar
7efc9f846000-7efc9f849000 r--s 00017000 08:07 393311                     /home/paballo/.m2/repository/nz/net/ultraq/thymeleaf/thymeleaf-layout-dialect/1.3.3/thymeleaf-layout-dialect-1.3.3.jar
7efc9f849000-7efc9f84c000 r--s 00008000 08:07 534918                     /home/paballo/.m2/repository/org/springframework/security/spring-security-test/4.0.4.RELEASE/spring-security-test-4.0.4.RELEASE.jar
7efc9f84c000-7efc9f84e000 r--s 00013000 08:07 534844                     /home/paballo/.m2/repository/org/springframework/spring-oxm/4.2.6.RELEASE/spring-oxm-4.2.6.RELEASE.jar
7efc9f84e000-7efc9f858000 r--s 00068000 08:07 534894                     /home/paballo/.m2/repository/org/springframework/spring-orm/4.2.6.RELEASE/spring-orm-4.2.6.RELEASE.jar
7efc9f858000-7efc9f85b000 r--s 0001f000 08:07 393301                     /home/paballo/.m2/repository/org/apache/tomcat/tomcat-jdbc/8.0.33/tomcat-jdbc-8.0.33.jar
7efc9f85b000-7efc9f871000 r--s 000f6000 08:07 534860                     /home/paballo/.m2/repository/org/springframework/spring-core/4.2.6.RELEASE/spring-core-4.2.6.RELEASE.jar
7efc9f871000-7efc9f873000 r--s 00000000 08:07 530098                     /home/paballo/.m2/repository/com/github/mxab/thymeleaf/extras/thymeleaf-extras-data-attribute/1.3/thymeleaf-extras-data-attribute-1.3.jar
7efc9f873000-7efc9f94a000 r--s 007aa000 08:07 143244                     /home/paballo/.m2/repository/net/sf/ehcache/ehcache/2.10.2/ehcache-2.10.2.jar
7efc9f94a000-7efc9f94d000 r--s 00008000 08:07 143240                     /home/paballo/.m2/repository/org/springframework/cloud/spring-cloud-core/1.2.2.RELEASE/spring-cloud-core-1.2.2.RELEASE.jar
7efc9f94d000-7efc9f959000 r--s 0004c000 08:07 534865                     /home/paballo/.m2/repository/org/springframework/security/spring-security-core/4.0.4.RELEASE/spring-security-core-4.0.4.RELEASE.jar
7efc9f959000-7efc9f95a000 r--s 00000000 08:07 534959                     /home/paballo/.m2/repository/org/springframework/boot/spring-boot-starter-security/1.3.5.RELEASE/spring-boot-starter-security-1.3.5.RELEASE.jar
7efc9f95a000-7efc9f960000 r--s 0003c000 08:07 531368                     /home/paballo/.m2/repository/org/yaml/snakeyaml/1.16/snakeyaml-1.16.jar
7efc9f960000-7efc9f962000 r--s 00004000 08:07 534881                     /home/paballo/.m2/repository/org/slf4j/log4j-over-slf4j/1.7.21/log4j-over-slf4j-1.7.21.jar
7efc9f962000-7efc9f96c000 r--s 00098000 08:07 536435                     /home/paballo/.m2/repository/org/quartz-scheduler/quartz/2.2.3/quartz-2.2.3.jar
7efc9f96c000-7efc9f972000 r--s 0003d000 08:07 530787                     /home/paballo/.m2/repository/org/igniterealtime/smack/smack-core/4.0.6/smack-core-4.0.6.jar
7efc9f972000-7efc9f978000 r--s 0002c000 08:07 534960                     /home/paballo/.m2/repository/org/springframework/boot/spring-boot-devtools/1.3.5.RELEASE/spring-boot-devtools-1.3.5.RELEASE.jar
7efc9f978000-7efc9f97c000 r--s 00014000 08:07 530943                     /home/paballo/.m2/repository/org/powermock/powermock-api-mockito/1.6.2/powermock-api-mockito-1.6.2.jar
7efc9f97c000-7efc9f98d000 r--s 000c6000 08:07 534909                     /home/paballo/.m2/repository/org/springframework/spring-webmvc/4.2.6.RELEASE/spring-webmvc-4.2.6.RELEASE.jar
7efc9f98d000-7efc9f98e000 r--s 00007000 08:07 136571                     /home/paballo/.m2/repository/org/thymeleaf/extras/thymeleaf-extras-springsecurity4/2.1.2.RELEASE/thymeleaf-extras-springsecurity4-2.1.2.RELEASE.jar
7efc9f98e000-7efc9f995000 r--s 00050000 08:07 394579                     /home/paballo/.m2/repository/org/apache/httpcomponents/httpcore-nio/4.4.4/httpcore-nio-4.4.4.jar
7efc9f995000-7efc9f999000 r--s 0003c000 08:07 534839                     /home/paballo/.m2/repository/com/fasterxml/jackson/core/jackson-core/2.6.6/jackson-core-2.6.6.jar
7efc9f999000-7efc9f9a6000 r--s 00079000 08:07 534869                     /home/paballo/.m2/repository/org/springframework/boot/spring-boot/1.3.5.RELEASE/spring-boot-1.3.5.RELEASE.jar
7efc9f9a6000-7efc9f9a8000 r--s 00016000 08:07 143257                     /home/paballo/.m2/repository/xmlunit/xmlunit/1.5/xmlunit-1.5.jar
7efc9f9a8000-7efc9f9ae000 r--s 00037000 08:07 143250                     /home/paballo/.m2/repository/org/apache/tomcat/embed/tomcat-embed-websocket/8.0.33/tomcat-embed-websocket-8.0.33.jar
7efc9f9ae000-7efc9f9b2000 r--s 00024000 08:07 136612                     /home/paballo/.m2/repository/za/org/grassroot/grassroot-services/1.0-SNAPSHOT/grassroot-services-1.0-SNAPSHOT.jar
7efc9f9b2000-7efc9f9b3000 r--s 00009000 08:07 143249                     /home/paballo/.m2/repository/org/apache/tomcat/embed/tomcat-embed-logging-juli/8.0.33/tomcat-embed-logging-juli-8.0.33.jar
7efc9f9b3000-7efc9f9c0000 r--s 000b7000 08:07 531353                     /home/paballo/.m2/repository/org/thymeleaf/thymeleaf/2.1.4.RELEASE/thymeleaf-2.1.4.RELEASE.jar
7efc9f9c0000-7efc9f9e5000 r--s 00292000 08:07 393306                     /home/paballo/.m2/repository/org/apache/tomcat/embed/tomcat-embed-core/8.0.33/tomcat-embed-core-8.0.33.jar
7efc9f9e5000-7efc9f9e7000 r--s 0000e000 08:07 530066                     /home/paballo/.m2/repository/com/fasterxml/classmate/1.1.0/classmate-1.1.0.jar
7efc9f9e7000-7efc9f9f4000 r--s 000a7000 08:07 394588                     /home/paballo/.m2/repository/org/apache/httpcomponents/httpclient/4.5.2/httpclient-4.5.2.jar
7efc9f9f4000-7efc9fa0c000 r--s 000a2000 08:07 534874                     /home/paballo/.m2/repository/org/springframework/boot/spring-boot-autoconfigure/1.3.5.RELEASE/spring-boot-autoconfigure-1.3.5.RELEASE.jar
7efc9fa0c000-7efc9fa11000 r--s 00068000 08:07 135957                     /home/paballo/.m2/repository/antlr/antlr/2.7.7/antlr-2.7.7.jar
7efc9fa11000-7efc9fa16000 r--s 00016000 08:07 136581                     /home/paballo/.m2/repository/xml-apis/xml-apis/1.0.b2/xml-apis-1.0.b2.jar
7efc9fa16000-7efc9fa41000 r--s 001f9000 08:07 534915                     /home/paballo/.m2/repository/com/google/guava/guava/17.0/guava-17.0.jar
7efc9fa41000-7efc9fa48000 r--s 00097000 08:07 534832                     /home/paballo/.m2/repository/org/postgresql/postgresql/9.4.1208.jre7/postgresql-9.4.1208.jre7.jar
7efc9fa48000-7efc9fa4a000 r--s 00009000 08:07 530803                     /home/paballo/.m2/repository/org/igniterealtime/smack/smack-experimental/4.1.0-beta1/smack-experimental-4.1.0-beta1.jar
7efc9fa4a000-7efc9fa58000 r--s 0007d000 08:07 530813                     /home/paballo/.m2/repository/org/igniterealtime/smack/smack-extensions/4.0.7/smack-extensions-4.0.7.jar
7efc9fa58000-7efc9fa5a000 r--s 00000000 08:07 534882                     /home/paballo/.m2/repository/org/slf4j/jul-to-slf4j/1.7.21/jul-to-slf4j-1.7.21.jar
7efc9fa5a000-7efc9fa5f000 r--s 00026000 08:07 136597                     /home/paballo/.m2/repository/za/org/grassroot/grassroot-core/1.0-SNAPSHOT/grassroot-core-1.0-SNAPSHOT.jar
7efc9fa5f000-7efc9fa61000 r--s 0000f000 08:07 530864                     /home/paballo/.m2/repository/org/jboss/logging/jboss-logging/3.3.0.Final/jboss-logging-3.3.0.Final.jar
7efc9fa61000-7efc9fa6f000 r--s 001a1000 08:07 393300                     /home/paballo/.m2/repository/com/h2database/h2/1.4.191/h2-1.4.191.jar
7efc9fa6f000-7efc9fa76000 r--s 00044000 08:07 534878                     /home/paballo/.m2/repository/ch/qos/logback/logback-classic/1.1.7/logback-classic-1.1.7.jar
7efc9fa76000-7efc9fa77000 r--s 00000000 08:07 534888                     /home/paballo/.m2/repository/org/springframework/boot/spring-boot-starter-jdbc/1.3.5.RELEASE/spring-boot-starter-jdbc-1.3.5.RELEASE.jar
7efc9fa77000-7efc9fa81000 r--s 0005e000 08:07 534890                     /home/paballo/.m2/repository/org/springframework/spring-jdbc/4.2.6.RELEASE/spring-jdbc-4.2.6.RELEASE.jar
7efc9fa81000-7efc9fa85000 r--s 00017000 08:07 531258                     /home/paballo/.m2/repository/org/springframework/retry/spring-retry/1.1.2.RELEASE/spring-retry-1.1.2.RELEASE.jar
7efc9fa85000-7efc9fa8a000 r--s 00027000 08:07 534910                     /home/paballo/.m2/repository/org/springframework/spring-context-support/4.2.6.RELEASE/spring-context-support-4.2.6.RELEASE.jar
7efc9fa8a000-7efc9fa9b000 r--s 00099000 08:07 534956                     /home/paballo/.m2/repository/org/hibernate/hibernate-validator/5.2.1.Final/hibernate-validator-5.2.1.Final.jar
7efc9fa9b000-7efc9fa9c000 r--s 00002000 08:07 136416                     /home/paballo/.m2/repository/org/jboss/logging/jboss-logging-annotations/1.2.0.Beta1/jboss-logging-annotations-1.2.0.Beta1.jar
7efc9fa9c000-7efc9fa9f000 r--s 00035000 08:07 530309                     /home/paballo/.m2/repository/ognl/ognl/3.0.8/ognl-3.0.8.jar
7efc9fa9f000-7efc9faa3000 r--s 00028000 08:07 394578                     /home/paballo/.m2/repository/org/apache/httpcomponents/httpasyncclient/4.1.1/httpasyncclient-4.1.1.jar
7efc9faa3000-7efc9faa4000 r--s 00000000 08:07 534870                     /home/paballo/.m2/repository/org/springframework/boot/spring-boot-starter/1.3.5.RELEASE/spring-boot-starter-1.3.5.RELEASE.jar
7efc9faa4000-7efc9faa6000 r--s 00009000 08:07 534912                     /home/paballo/.m2/repository/org/slf4j/slf4j-api/1.7.21/slf4j-api-1.7.21.jar
7efc9faa6000-7efc9faa9000 r--s 00010000 08:07 530751                     /home/paballo/.m2/repository/org/hibernate/common/hibernate-commons-annotations/4.0.5.Final/hibernate-commons-annotations-4.0.5.Final.jar
7efc9faa9000-7efc9fab3000 r--s 000a5000 08:07 530853                     /home/paballo/.m2/repository/org/javassist/javassist/3.18.1-GA/javassist-3.18.1-GA.jar
7efc9fab3000-7efc9fab4000 r--s 00009000 08:07 393302                     /home/paballo/.m2/repository/org/apache/tomcat/tomcat-juli/8.0.33/tomcat-juli-8.0.33.jar
7efc9fab4000-7efc9fabb000 r--s 0003f000 08:07 530177                     /home/paballo/.m2/repository/commons-codec/commons-codec/1.10/commons-codec-1.10.jar
7efc9fabb000-7efc9fabe000 r--s 00026000 08:07 530322                     /home/paballo/.m2/repository/org/antlr/antlr-runtime/3.5.2/antlr-runtime-3.5.2.jar
7efc9fabe000-7efc9facc000 r--s 00091000 08:07 530761                     /home/paballo/.m2/repository/org/hibernate/hibernate-entitymanager/4.3.11.Final/hibernate-entitymanager-4.3.11.Final.jar
7efc9facc000-7efc9fad1000 r--s 000a1000 08:07 136607                     /home/paballo/.m2/repository/za/org/grassroot/grassroot-language/1.0-SNAPSHOT/grassroot-language-1.0-SNAPSHOT.jar
7efc9fad1000-7efc9fad2000 r--s 00000000 08:07 534906                     /home/paballo/.m2/repository/org/springframework/boot/spring-boot-starter-validation/1.3.5.RELEASE/spring-boot-starter-validation-1.3.5.RELEASE.jar
7efc9fad2000-7efc9fae6000 r--s 000da000 08:07 136477                     /home/paballo/.m2/repository/org/mnode/ical4j/ical4j/1.0.2/ical4j-1.0.2.jar
7efc9fae6000-7efc9faf6000 r--s 0003b000 08:07 135999                     /home/paballo/.m2/repository/com/googlecode/libphonenumber/libphonenumber/7.0.9/libphonenumber-7.0.9.jar
7efc9faf6000-7efc9fafb000 r--s 00017000 08:07 530774                     /home/paballo/.m2/repository/org/hibernate/javax/persistence/hibernate-jpa-2.1-api/1.0.0.Final/hibernate-jpa-2.1-api-1.0.0.Final.jar
7efc9fafb000-7efc9fafd000 r--s 00011000 08:07 136402                     /home/paballo/.m2/repository/org/jboss/jandex/1.1.0.Final/jandex-1.1.0.Final.jar
7efc9fafd000-7efc9fb02000 r--s 00041000 08:07 136038                     /home/paballo/.m2/repository/commons-lang/commons-lang/2.6/commons-lang-2.6.jar
7efc9fb02000-7efc9fb60000 r--s 004ac000 08:07 530756                     /home/paballo/.m2/repository/org/hibernate/hibernate-core/4.3.11.Final/hibernate-core-4.3.11.Final.jar
7efc9fb60000-7efc9fb6b000 r--s 0008a000 08:07 536436                     /home/paballo/.m2/repository/c3p0/c3p0/0.9.1.1/c3p0-0.9.1.1.jar
7efc9fb6b000-7efc9fb6e000 r--s 00020000 08:07 531358                     /home/paballo/.m2/repository/org/unbescape/unbescape/1.1.0.RELEASE/unbescape-1.1.0.RELEASE.jar
7efc9fb6e000-7efc9fb6f000 r--s 00000000 08:07 534899                     /home/paballo/.m2/repository/org/springframework/boot/spring-boot-starter-web/1.3.5.RELEASE/spring-boot-starter-web-1.3.5.RELEASE.jar
7efc9fb6f000-7efc9fb76000 r--s 0003a000 08:07 534847                     /home/paballo/.m2/repository/org/springframework/spring-tx/4.2.6.RELEASE/spring-tx-4.2.6.RELEASE.jar
7efc9fb76000-7efc9fb8f000 r--s 001af000 08:07 534887                     /home/paballo/.m2/repository/org/aspectj/aspectjweaver/1.8.9/aspectjweaver-1.8.9.jar
7efc9fb8f000-7efc9fb91000 r--s 00003000 08:07 534840                     /home/paballo/.m2/repository/org/slf4j/jcl-over-slf4j/1.7.21/jcl-over-slf4j-1.7.21.jar
7efc9fb91000-7efc9fb96000 r--s 00048000 08:07 530228                     /home/paballo/.m2/repository/dom4j/dom4j/1.6.1/dom4j-1.6.1.jar
7efc9fb96000-7efc9fb9a000 r--s 0000c000 08:07 530261                     /home/paballo/.m2/repository/javax/validation/validation-api/1.1.0.Final/validation-api-1.1.0.Final.jar
7efc9fb9a000-7efc9fba3000 r--s 00047000 08:07 534920                     /home/paballo/.m2/repository/org/springframework/security/spring-security-web/4.0.4.RELEASE/spring-security-web-4.0.4.RELEASE.jar
7efc9fba3000-7efc9fbb8000 r--s 000db000 08:07 534845                     /home/paballo/.m2/repository/org/springframework/integration/spring-integration-core/4.2.5.RELEASE/spring-integration-core-4.2.5.RELEASE.jar
7efc9fbb8000-7efc9fbc1000 r--s 00053000 08:07 534849                     /home/paballo/.m2/repository/org/springframework/spring-messaging/4.2.6.RELEASE/spring-messaging-4.2.6.RELEASE.jar
7efc9fbc1000-7efc9fbce000 r--s 000a6000 08:07 534858                     /home/paballo/.m2/repository/org/springframework/spring-beans/4.2.6.RELEASE/spring-beans-4.2.6.RELEASE.jar
7efc9fbce000-7efc9fbdf000 r--s 000ab000 08:07 143245                     /home/paballo/.m2/repository/org/springframework/spring-web/4.2.6.RELEASE/spring-web-4.2.6.RELEASE.jar
7efc9fbdf000-7efc9fbfc000 r--s 001dc000 08:07 136469                     /home/paballo/.m2/repository/org/liquibase/liquibase-core/3.4.2/liquibase-core-3.4.2.jar
7efc9fbfc000-7efc9fbfd000 ---p 00000000 00:00 0 
7efc9fbfd000-7efc9fcfd000 rw-p 00000000 00:00 0                          [stack:11948]
7efc9fcfd000-7efc9fd00000 ---p 00000000 00:00 0 
7efc9fd00000-7efc9fdfe000 rw-p 00000000 00:00 0                          [stack:11947]
7efc9fdfe000-7efc9fe01000 ---p 00000000 00:00 0 
7efc9fe01000-7efc9feff000 rw-p 00000000 00:00 0                          [stack:11946]
7efc9feff000-7efc9ff02000 ---p 00000000 00:00 0 
7efc9ff02000-7efca0000000 rw-p 00000000 00:00 0                          [stack:11945]
7efca0000000-7efca0021000 rw-p 00000000 00:00 0 
7efca0021000-7efca4000000 ---p 00000000 00:00 0 
7efca4000000-7efca4001000 r--s 00002000 08:07 143238                     /home/paballo/.m2/repository/org/springframework/cloud/spring-cloud-heroku-connector/1.2.2.RELEASE/spring-cloud-heroku-connector-1.2.2.RELEASE.jar
7efca4001000-7efca4006000 r--s 00036000 08:07 143248                     /home/paballo/.m2/repository/org/apache/tomcat/embed/tomcat-embed-el/8.0.33/tomcat-embed-el-8.0.33.jar
7efca4006000-7efca4015000 r--s 0008d000 08:07 534838                     /home/paballo/.m2/repository/org/springframework/data/spring-data-commons/1.11.4.RELEASE/spring-data-commons-1.11.4.RELEASE.jar
7efca4015000-7efca4018000 ---p 00000000 00:00 0 
7efca4018000-7efca4116000 rw-p 00000000 00:00 0                          [stack:11944]
7efca4116000-7efca4119000 ---p 00000000 00:00 0 
7efca4119000-7efca4217000 rw-p 00000000 00:00 0                          [stack:11943]
7efca4217000-7efca48f9000 r--p 00000000 08:05 793105                     /usr/lib/locale/locale-archive
7efca48f9000-7efca48fc000 ---p 00000000 00:00 0 
7efca48fc000-7efca49fa000 rw-p 00000000 00:00 0                          [stack:11942]
7efca49fa000-7efca49fd000 ---p 00000000 00:00 0 
7efca49fd000-7efca4afb000 rw-p 00000000 00:00 0                          [stack:11941]
7efca4afb000-7efca4afc000 ---p 00000000 00:00 0 
7efca4afc000-7efca5000000 rw-p 00000000 00:00 0                          [stack:11940]
7efca5000000-7efca66b0000 rwxp 00000000 00:00 0 
7efca66b0000-7efcb4000000 ---p 00000000 00:00 0 
7efcb4000000-7efcb49a8000 rw-p 00000000 00:00 0 
7efcb49a8000-7efcb8000000 ---p 00000000 00:00 0 
7efcb8000000-7efcb8006000 r--s 00039000 08:07 534891                     /home/paballo/.m2/repository/org/springframework/data/spring-data-jpa/1.9.4.RELEASE/spring-data-jpa-1.9.4.RELEASE.jar
7efcb8006000-7efcb8009000 r--s 00034000 08:07 136576                     /home/paballo/.m2/repository/org/thymeleaf/thymeleaf-spring4/2.1.4.RELEASE/thymeleaf-spring4-2.1.4.RELEASE.jar
7efcb8009000-7efcb800c000 r--s 0000a000 08:07 136602                     /home/paballo/.m2/repository/za/org/grassroot/grassroot-integration/1.0-SNAPSHOT/grassroot-integration-1.0-SNAPSHOT.jar
7efcb800c000-7efcb800f000 r--s 0000f000 08:07 143239                     /home/paballo/.m2/repository/org/springframework/cloud/spring-cloud-spring-service-connector/1.2.2.RELEASE/spring-cloud-spring-service-connector-1.2.2.RELEASE.jar
7efcb800f000-7efcb8bcc000 rw-p 00000000 00:00 0 
7efcb8bcc000-7efcb8da4000 r--s 03d1e000 08:05 1071751                    /usr/local/java/jdk1.8.0_77/jre/lib/rt.jar
7efcb8da4000-7efcb97fc000 rw-p 00000000 00:00 0 
7efcb97fc000-7efcb97fd000 ---p 00000000 00:00 0 
7efcb97fd000-7efcb98fd000 rw-p 00000000 00:00 0                          [stack:11939]
7efcb98fd000-7efcb98fe000 ---p 00000000 00:00 0 
7efcb98fe000-7efcb99fe000 rw-p 00000000 00:00 0                          [stack:11938]
7efcb99fe000-7efcb99ff000 ---p 00000000 00:00 0 
7efcb99ff000-7efcb9aff000 rw-p 00000000 00:00 0                          [stack:11937]
7efcb9aff000-7efcb9b00000 ---p 00000000 00:00 0 
7efcb9b00000-7efcb9c1a000 rw-p 00000000 00:00 0                          [stack:11936]
7efcb9c1a000-7efcb9d42000 ---p 00000000 00:00 0 
7efcb9d42000-7efcb9d5c000 rw-p 00000000 00:00 0 
7efcb9d5c000-7efcb9e83000 ---p 00000000 00:00 0 
7efcb9e83000-7efcb9f24000 rw-p 00000000 00:00 0 
7efcb9f24000-7efcb9f80000 rw-p 00000000 00:00 0 
7efcb9f80000-7efcba2e5000 ---p 00000000 00:00 0 
7efcba2e5000-7efcba2ff000 r-xp 00000000 08:05 1182367                    /usr/local/java/jdk1.8.0_77/jre/lib/amd64/libzip.so
7efcba2ff000-7efcba4ff000 ---p 0001a000 08:05 1182367                    /usr/local/java/jdk1.8.0_77/jre/lib/amd64/libzip.so
7efcba4ff000-7efcba500000 rw-p 0001a000 08:05 1182367                    /usr/local/java/jdk1.8.0_77/jre/lib/amd64/libzip.so
7efcba500000-7efcba50b000 r-xp 00000000 08:05 397251                     /lib/x86_64-linux-gnu/libnss_files-2.19.so
7efcba50b000-7efcba70a000 ---p 0000b000 08:05 397251                     /lib/x86_64-linux-gnu/libnss_files-2.19.so
7efcba70a000-7efcba70b000 r--p 0000a000 08:05 397251                     /lib/x86_64-linux-gnu/libnss_files-2.19.so
7efcba70b000-7efcba70c000 rw-p 0000b000 08:05 397251                     /lib/x86_64-linux-gnu/libnss_files-2.19.so
7efcba70c000-7efcba717000 r-xp 00000000 08:05 397261                     /lib/x86_64-linux-gnu/libnss_nis-2.19.so
7efcba717000-7efcba916000 ---p 0000b000 08:05 397261                     /lib/x86_64-linux-gnu/libnss_nis-2.19.so
7efcba916000-7efcba917000 r--p 0000a000 08:05 397261                     /lib/x86_64-linux-gnu/libnss_nis-2.19.so
7efcba917000-7efcba918000 rw-p 0000b000 08:05 397261                     /lib/x86_64-linux-gnu/libnss_nis-2.19.so
7efcba918000-7efcba92f000 r-xp 00000000 08:05 397245                     /lib/x86_64-linux-gnu/libnsl-2.19.so
7efcba92f000-7efcbab2e000 ---p 00017000 08:05 397245                     /lib/x86_64-linux-gnu/libnsl-2.19.so
7efcbab2e000-7efcbab2f000 r--p 00016000 08:05 397245                     /lib/x86_64-linux-gnu/libnsl-2.19.so
7efcbab2f000-7efcbab30000 rw-p 00017000 08:05 397245                     /lib/x86_64-linux-gnu/libnsl-2.19.so
7efcbab30000-7efcbab32000 rw-p 00000000 00:00 0 
7efcbab32000-7efcbab3b000 r-xp 00000000 08:05 397247                     /lib/x86_64-linux-gnu/libnss_compat-2.19.so
7efcbab3b000-7efcbad3a000 ---p 00009000 08:05 397247                     /lib/x86_64-linux-gnu/libnss_compat-2.19.so
7efcbad3a000-7efcbad3b000 r--p 00008000 08:05 397247                     /lib/x86_64-linux-gnu/libnss_compat-2.19.so
7efcbad3b000-7efcbad3c000 rw-p 00009000 08:05 397247                     /lib/x86_64-linux-gnu/libnss_compat-2.19.so
7efcbad3c000-7efcbad66000 r-xp 00000000 08:05 1182024                    /usr/local/java/jdk1.8.0_77/jre/lib/amd64/libjava.so
7efcbad66000-7efcbaf66000 ---p 0002a000 08:05 1182024                    /usr/local/java/jdk1.8.0_77/jre/lib/amd64/libjava.so
7efcbaf66000-7efcbaf68000 rw-p 0002a000 08:05 1182024                    /usr/local/java/jdk1.8.0_77/jre/lib/amd64/libjava.so
7efcbaf68000-7efcbaf75000 r-xp 00000000 08:05 1182366                    /usr/local/java/jdk1.8.0_77/jre/lib/amd64/libverify.so
7efcbaf75000-7efcbb175000 ---p 0000d000 08:05 1182366                    /usr/local/java/jdk1.8.0_77/jre/lib/amd64/libverify.so
7efcbb175000-7efcbb177000 rw-p 0000d000 08:05 1182366                    /usr/local/java/jdk1.8.0_77/jre/lib/amd64/libverify.so
7efcbb177000-7efcbb17e000 r-xp 00000000 08:05 397304                     /lib/x86_64-linux-gnu/librt-2.19.so
7efcbb17e000-7efcbb37d000 ---p 00007000 08:05 397304                     /lib/x86_64-linux-gnu/librt-2.19.so
7efcbb37d000-7efcbb37e000 r--p 00006000 08:05 397304                     /lib/x86_64-linux-gnu/librt-2.19.so
7efcbb37e000-7efcbb37f000 rw-p 00007000 08:05 397304                     /lib/x86_64-linux-gnu/librt-2.19.so
7efcbb37f000-7efcbb484000 r-xp 00000000 08:05 397226                     /lib/x86_64-linux-gnu/libm-2.19.so
7efcbb484000-7efcbb683000 ---p 00105000 08:05 397226                     /lib/x86_64-linux-gnu/libm-2.19.so
7efcbb683000-7efcbb684000 r--p 00104000 08:05 397226                     /lib/x86_64-linux-gnu/libm-2.19.so
7efcbb684000-7efcbb685000 rw-p 00105000 08:05 397226                     /lib/x86_64-linux-gnu/libm-2.19.so
7efcbb685000-7efcbc344000 r-xp 00000000 08:05 1180606                    /usr/local/java/jdk1.8.0_77/jre/lib/amd64/server/libjvm.so
7efcbc344000-7efcbc543000 ---p 00cbf000 08:05 1180606                    /usr/local/java/jdk1.8.0_77/jre/lib/amd64/server/libjvm.so
7efcbc543000-7efcbc61c000 rw-p 00cbe000 08:05 1180606                    /usr/local/java/jdk1.8.0_77/jre/lib/amd64/server/libjvm.so
7efcbc61c000-7efcbc665000 rw-p 00000000 00:00 0 
7efcbc665000-7efcbc820000 r-xp 00000000 08:05 397176                     /lib/x86_64-linux-gnu/libc-2.19.so
7efcbc820000-7efcbca1f000 ---p 001bb000 08:05 397176                     /lib/x86_64-linux-gnu/libc-2.19.so
7efcbca1f000-7efcbca23000 r--p 001ba000 08:05 397176                     /lib/x86_64-linux-gnu/libc-2.19.so
7efcbca23000-7efcbca25000 rw-p 001be000 08:05 397176                     /lib/x86_64-linux-gnu/libc-2.19.so
7efcbca25000-7efcbca2a000 rw-p 00000000 00:00 0 
7efcbca2a000-7efcbca2d000 r-xp 00000000 08:05 397193                     /lib/x86_64-linux-gnu/libdl-2.19.so
7efcbca2d000-7efcbcc2c000 ---p 00003000 08:05 397193                     /lib/x86_64-linux-gnu/libdl-2.19.so
7efcbcc2c000-7efcbcc2d000 r--p 00002000 08:05 397193                     /lib/x86_64-linux-gnu/libdl-2.19.so
7efcbcc2d000-7efcbcc2e000 rw-p 00003000 08:05 397193                     /lib/x86_64-linux-gnu/libdl-2.19.so
7efcbcc2e000-7efcbcc43000 r-xp 00000000 08:05 1180537                    /usr/local/java/jdk1.8.0_77/jre/lib/amd64/jli/libjli.so
7efcbcc43000-7efcbce43000 ---p 00015000 08:05 1180537                    /usr/local/java/jdk1.8.0_77/jre/lib/amd64/jli/libjli.so
7efcbce43000-7efcbce44000 rw-p 00015000 08:05 1180537                    /usr/local/java/jdk1.8.0_77/jre/lib/amd64/jli/libjli.so
7efcbce44000-7efcbce5d000 r-xp 00000000 08:05 397296                     /lib/x86_64-linux-gnu/libpthread-2.19.so
7efcbce5d000-7efcbd05c000 ---p 00019000 08:05 397296                     /lib/x86_64-linux-gnu/libpthread-2.19.so
7efcbd05c000-7efcbd05d000 r--p 00018000 08:05 397296                     /lib/x86_64-linux-gnu/libpthread-2.19.so
7efcbd05d000-7efcbd05e000 rw-p 00019000 08:05 397296                     /lib/x86_64-linux-gnu/libpthread-2.19.so
7efcbd05e000-7efcbd062000 rw-p 00000000 00:00 0 
7efcbd062000-7efcbd085000 r-xp 00000000 08:05 397152                     /lib/x86_64-linux-gnu/ld-2.19.so
7efcbd085000-7efcbd087000 r--s 0000e000 08:07 530223                     /home/paballo/.m2/repository/commons-logging/commons-logging/1.2/commons-logging-1.2.jar
7efcbd087000-7efcbd090000 r--s 00052000 08:07 534857                     /home/paballo/.m2/repository/org/springframework/spring-aop/4.2.6.RELEASE/spring-aop-4.2.6.RELEASE.jar
7efcbd090000-7efcbd168000 rw-p 00000000 00:00 0 
7efcbd168000-7efcbd16b000 ---p 00000000 00:00 0 
7efcbd16b000-7efcbd26d000 rw-p 00000000 00:00 0                          [stack:11935]
7efcbd26d000-7efcbd26e000 r--s 00000000 08:07 534866                     /home/paballo/.m2/repository/org/springframework/boot/spring-boot-starter-data-jpa/1.3.5.RELEASE/spring-boot-starter-data-jpa-1.3.5.RELEASE.jar
7efcbd26e000-7efcbd26f000 r--s 00000000 08:07 534902                     /home/paballo/.m2/repository/org/springframework/boot/spring-boot-starter-tomcat/1.3.5.RELEASE/spring-boot-starter-tomcat-1.3.5.RELEASE.jar
7efcbd26f000-7efcbd271000 r--s 00000000 08:07 398947                     /home/paballo/.m2/repository/aopalliance/aopalliance/1.0/aopalliance-1.0.jar
7efcbd271000-7efcbd272000 r--s 00000000 08:07 534955                     /home/paballo/.m2/repository/org/springframework/boot/spring-boot-starter-thymeleaf/1.3.5.RELEASE/spring-boot-starter-thymeleaf-1.3.5.RELEASE.jar
7efcbd272000-7efcbd273000 r--s 00000000 08:07 530828                     /home/paballo/.m2/repository/org/igniterealtime/smack/smack-java7/4.0.1/smack-java7-4.0.1.jar
7efcbd273000-7efcbd278000 r--s 0003c000 08:07 534862                     /home/paballo/.m2/repository/org/springframework/spring-expression/4.2.6.RELEASE/spring-expression-4.2.6.RELEASE.jar
7efcbd278000-7efcbd280000 rw-s 00000000 08:05 403698                     /tmp/hsperfdata_paballo/11933
7efcbd280000-7efcbd281000 rw-p 00000000 00:00 0 
7efcbd281000-7efcbd282000 ---p 00000000 00:00 0 
7efcbd282000-7efcbd284000 rw-p 00000000 00:00 0 
7efcbd284000-7efcbd285000 r--p 00022000 08:05 397152                     /lib/x86_64-linux-gnu/ld-2.19.so
7efcbd285000-7efcbd286000 rw-p 00023000 08:05 397152                     /lib/x86_64-linux-gnu/ld-2.19.so
7efcbd286000-7efcbd287000 rw-p 00000000 00:00 0 
7ffe3cf3a000-7ffe3cf5e000 rw-p 00000000 00:00 0                          [stack]
7ffe3cfb3000-7ffe3cfb5000 r--p 00000000 00:00 0                          [vvar]
7ffe3cfb5000-7ffe3cfb7000 r-xp 00000000 00:00 0                          [vdso]
ffffffffff600000-ffffffffff601000 r-xp 00000000 00:00 0                  [vsyscall]

VM Arguments:
jvm_args: -Dspring.profiles.active=localpg 
java_command: za.org.grassroot.webapp.Application
java_class_path (initial): /home/paballo/grassroot-platform/grassroot-webapp/target/classes:/home/paballo/.m2/repository/org/springframework/spring-expression/4.2.6.RELEASE/spring-expression-4.2.6.RELEASE.jar:/home/paballo/.m2/repository/org/igniterealtime/smack/smack-java7/4.0.1/smack-java7-4.0.1.jar:/home/paballo/.m2/repository/org/springframework/boot/spring-boot-starter-thymeleaf/1.3.5.RELEASE/spring-boot-starter-thymeleaf-1.3.5.RELEASE.jar:/home/paballo/.m2/repository/aopalliance/aopalliance/1.0/aopalliance-1.0.jar:/home/paballo/.m2/repository/org/springframework/spring-aop/4.2.6.RELEASE/spring-aop-4.2.6.RELEASE.jar:/home/paballo/.m2/repository/org/springframework/cloud/spring-cloud-spring-service-connector/1.2.2.RELEASE/spring-cloud-spring-service-connector-1.2.2.RELEASE.jar:/home/paballo/.m2/repository/za/org/grassroot/grassroot-integration/1.0-SNAPSHOT/grassroot-integration-1.0-SNAPSHOT.jar:/home/paballo/.m2/repository/org/thymeleaf/thymeleaf-spring4/2.1.4.RELEASE/thymeleaf-spring4-2.1.4.RELEASE.jar:/home/paballo/.m2/repository/org/springframework/data/spring-data-commons/1.11.4.RELEASE/spring-data-commons-1.11.4.RELEASE.jar:/home/paballo/.m2/repository/org/liquibase/liquibase-core/3.4.2/liquibase-core-3.4.2.jar:/home/paballo/.m2/repository/org/springframework/data/spring-data-jpa/1.9.4.RELEASE/spring-data-jpa-1.9.4.RELEASE.jar:/home/paballo/.m2/repository/org/springframework/spring-web/4.2.6.RELEASE/spring-web-4.2.6.RELEASE.jar:/home/paballo/.m2/repository/org/springframework/spring-beans/4.2.6.RELEASE/spring-beans-4.2.6.RELEASE.jar:/home/paballo/.m2/repository/org/springframework/spring-messaging/4.2.6.RELEASE/spring-messaging-4.2.6.RELEASE.jar:/home/paballo/.m2/repository/org/springframework/boot/spring-boot-starter-tomcat/1.3.5.RELEASE/spring-boot-starter-tomcat-1.3.5.RELEASE.jar:/home/paballo/.m2/repository/org/apache/tomcat/embed/tomcat-embed-el/8.0.33/tomcat-embed-el-8.0.33.jar:/home/paballo/.m2/repository/commons-logging/commons-logging/1.2/commons
Launcher Type: SUN_STANDARD

Environment Variables:
JAVA_HOME=/usr/local/java/jdk1.8.0_77
JRE_HOME=/usr/local/java/jre1.8.0_77
PATH=/usr/local/sbin:/usr/local/bin:/usr/sbin:/usr/bin:/sbin:/bin:/usr/games:/usr/local/games:/usr/local/java/jre1.8.0_77/bin:/usr/local/java/jdk1.8.0_77/bin:/home/paballo/opt/gradle/bin
SHELL=/bin/bash
DISPLAY=:0

Signal Handlers:
SIGSEGV: [libjvm.so+0xabb070], sa_mask[0]=11111111011111111101111111111110, sa_flags=SA_RESTART|SA_SIGINFO
SIGBUS: [libjvm.so+0xabb070], sa_mask[0]=11111111011111111101111111111110, sa_flags=SA_RESTART|SA_SIGINFO
SIGFPE: [libjvm.so+0x918480], sa_mask[0]=11111111011111111101111111111110, sa_flags=SA_RESTART|SA_SIGINFO
SIGPIPE: [libjvm.so+0x918480], sa_mask[0]=11111111011111111101111111111110, sa_flags=SA_RESTART|SA_SIGINFO
SIGXFSZ: [libjvm.so+0x918480], sa_mask[0]=11111111011111111101111111111110, sa_flags=SA_RESTART|SA_SIGINFO
SIGILL: [libjvm.so+0x918480], sa_mask[0]=11111111011111111101111111111110, sa_flags=SA_RESTART|SA_SIGINFO
SIGUSR1: SIG_DFL, sa_mask[0]=00000000000000000000000000000000, sa_flags=none
SIGUSR2: [libjvm.so+0x919ab0], sa_mask[0]=00100000000000000000000000000000, sa_flags=SA_RESTART|SA_SIGINFO
SIGHUP: [libjvm.so+0x91aeb0], sa_mask[0]=11111111011111111101111111111110, sa_flags=SA_RESTART|SA_SIGINFO
SIGINT: [libjvm.so+0x91aeb0], sa_mask[0]=11111111011111111101111111111110, sa_flags=SA_RESTART|SA_SIGINFO
SIGTERM: [libjvm.so+0x91aeb0], sa_mask[0]=11111111011111111101111111111110, sa_flags=SA_RESTART|SA_SIGINFO
SIGQUIT: [libjvm.so+0x91aeb0], sa_mask[0]=11111111011111111101111111111110, sa_flags=SA_RESTART|SA_SIGINFO


---------------  S Y S T E M  ---------------

OS:DISTRIB_ID=Ubuntu
DISTRIB_RELEASE=14.04
DISTRIB_CODENAME=trusty
DISTRIB_DESCRIPTION="Ubuntu 14.04.4 LTS"

uname:Linux 4.2.0-35-generic #40~14.04.1-Ubuntu SMP Fri Mar 18 16:37:35 UTC 2016 x86_64
libc:glibc 2.19 NPTL 2.19 
rlimit: STACK 8192k, CORE 0k, NPROC 15031, NOFILE 4096, AS infinity
load average:6,36 2,76 1,79

/proc/meminfo:
MemTotal:        3944692 kB
MemFree:           27208 kB
MemAvailable:      75340 kB
Buffers:             964 kB
Cached:           388424 kB
SwapCached:         1896 kB
Active:          2968376 kB
Inactive:         761944 kB
Active(anon):    2951684 kB
Inactive(anon):   745260 kB
Active(file):      16692 kB
Inactive(file):    16684 kB
Unevictable:          48 kB
Mlocked:              48 kB
SwapTotal:       4090876 kB
SwapFree:          18464 kB
Dirty:               168 kB
Writeback:           984 kB
AnonPages:       3339580 kB
Mapped:           102140 kB
Shmem:            355952 kB
Slab:              82268 kB
SReclaimable:      44084 kB
SUnreclaim:        38184 kB
KernelStack:       10816 kB
PageTables:        50772 kB
NFS_Unstable:          0 kB
Bounce:                0 kB
WritebackTmp:          0 kB
CommitLimit:     6063220 kB
Committed_AS:   11889916 kB
VmallocTotal:   34359738367 kB
VmallocUsed:      362472 kB
VmallocChunk:   34358947836 kB
HardwareCorrupted:     0 kB
AnonHugePages:    417792 kB
CmaTotal:              0 kB
CmaFree:               0 kB
HugePages_Total:       0
HugePages_Free:        0
HugePages_Rsvd:        0
HugePages_Surp:        0
Hugepagesize:       2048 kB
DirectMap4k:      124988 kB
DirectMap2M:     3966976 kB
DirectMap1G:           0 kB


CPU:total 4 (2 cores per cpu, 2 threads per core) family 6 model 61 stepping 4, cmov, cx8, fxsr, mmx, sse, sse2, sse3, ssse3, sse4.1, sse4.2, popcnt, avx, avx2, aes, clmul, erms, 3dnowpref, lzcnt, ht, tsc, tscinvbit, bmi1, bmi2, adx

/proc/cpuinfo:
processor	: 0
vendor_id	: GenuineIntel
cpu family	: 6
model		: 61
model name	: Intel(R) Core(TM) M-5Y10c CPU @ 0.80GHz
stepping	: 4
microcode	: 0x1d
cpu MHz		: 1990.390
cache size	: 4096 KB
physical id	: 0
siblings	: 4
core id		: 0
cpu cores	: 2
apicid		: 0
initial apicid	: 0
fpu		: yes
fpu_exception	: yes
cpuid level	: 20
wp		: yes
flags		: fpu vme de pse tsc msr pae mce cx8 apic sep mtrr pge mca cmov pat pse36 clflush dts acpi mmx fxsr sse sse2 ss ht tm pbe syscall nx pdpe1gb rdtscp lm constant_tsc arch_perfmon pebs bts rep_good nopl xtopology nonstop_tsc aperfmperf eagerfpu pni pclmulqdq dtes64 monitor ds_cpl vmx est tm2 ssse3 fma cx16 xtpr pdcm pcid sse4_1 sse4_2 x2apic movbe popcnt tsc_deadline_timer aes xsave avx f16c rdrand lahf_lm abm 3dnowprefetch ida arat epb pln pts dtherm intel_pt tpr_shadow vnmi flexpriority ept vpid fsgsbase tsc_adjust bmi1 avx2 smep bmi2 erms invpcid rdseed adx smap xsaveopt
bugs		:
bogomips	: 1995.40
clflush size	: 64
cache_alignment	: 64
address sizes	: 39 bits physical, 48 bits virtual
power management:

processor	: 1
vendor_id	: GenuineIntel
cpu family	: 6
model		: 61
model name	: Intel(R) Core(TM) M-5Y10c CPU @ 0.80GHz
stepping	: 4
microcode	: 0x1d
cpu MHz		: 2000.000
cache size	: 4096 KB
physical id	: 0
siblings	: 4
core id		: 1
cpu cores	: 2
apicid		: 2
initial apicid	: 2
fpu		: yes
fpu_exception	: yes
cpuid level	: 20
wp		: yes
flags		: fpu vme de pse tsc msr pae mce cx8 apic sep mtrr pge mca cmov pat pse36 clflush dts acpi mmx fxsr sse sse2 ss ht tm pbe syscall nx pdpe1gb rdtscp lm constant_tsc arch_perfmon pebs bts rep_good nopl xtopology nonstop_tsc aperfmperf eagerfpu pni pclmulqdq dtes64 monitor ds_cpl vmx est tm2 ssse3 fma cx16 xtpr pdcm pcid sse4_1 sse4_2 x2apic movbe popcnt tsc_deadline_timer aes xsave avx f16c rdrand lahf_lm abm 3dnowprefetch ida arat epb pln pts dtherm intel_pt tpr_shadow vnmi flexpriority ept vpid fsgsbase tsc_adjust bmi1 avx2 smep bmi2 erms invpcid rdseed adx smap xsaveopt
bugs		:
bogomips	: 1995.40
clflush size	: 64
cache_alignment	: 64
address sizes	: 39 bits physical, 48 bits virtual
power management:

processor	: 2
vendor_id	: GenuineIntel
cpu family	: 6
model		: 61
model name	: Intel(R) Core(TM) M-5Y10c CPU @ 0.80GHz
stepping	: 4
microcode	: 0x1d
cpu MHz		: 1997.304
cache size	: 4096 KB
physical id	: 0
siblings	: 4
core id		: 0
cpu cores	: 2
apicid		: 1
initial apicid	: 1
fpu		: yes
fpu_exception	: yes
cpuid level	: 20
wp		: yes
flags		: fpu vme de pse tsc msr pae mce cx8 apic sep mtrr pge mca cmov pat pse36 clflush dts acpi mmx fxsr sse sse2 ss ht tm pbe syscall nx pdpe1gb rdtscp lm constant_tsc arch_perfmon pebs bts rep_good nopl xtopology nonstop_tsc aperfmperf eagerfpu pni pclmulqdq dtes64 monitor ds_cpl vmx est tm2 ssse3 fma cx16 xtpr pdcm pcid sse4_1 sse4_2 x2apic movbe popcnt tsc_deadline_timer aes xsave avx f16c rdrand lahf_lm abm 3dnowprefetch ida arat epb pln pts dtherm intel_pt tpr_shadow vnmi flexpriority ept vpid fsgsbase tsc_adjust bmi1 avx2 smep bmi2 erms invpcid rdseed adx smap xsaveopt
bugs		:
bogomips	: 1995.40
clflush size	: 64
cache_alignment	: 64
address sizes	: 39 bits physical, 48 bits virtual
power management:

processor	: 3
vendor_id	: GenuineIntel
cpu family	: 6
model		: 61
model name	: Intel(R) Core(TM) M-5Y10c CPU @ 0.80GHz
stepping	: 4
microcode	: 0x1d
cpu MHz		: 1978.007
cache size	: 4096 KB
physical id	: 0
siblings	: 4
core id		: 1
cpu cores	: 2
apicid		: 3
initial apicid	: 3
fpu		: yes
fpu_exception	: yes
cpuid level	: 20
wp		: yes
flags		: fpu vme de pse tsc msr pae mce cx8 apic sep mtrr pge mca cmov pat pse36 clflush dts acpi mmx fxsr sse sse2 ss ht tm pbe syscall nx pdpe1gb rdtscp lm constant_tsc arch_perfmon pebs bts rep_good nopl xtopology nonstop_tsc aperfmperf eagerfpu pni pclmulqdq dtes64 monitor ds_cpl vmx est tm2 ssse3 fma cx16 xtpr pdcm pcid sse4_1 sse4_2 x2apic movbe popcnt tsc_deadline_timer aes xsave avx f16c rdrand lahf_lm abm 3dnowprefetch ida arat epb pln pts dtherm intel_pt tpr_shadow vnmi flexpriority ept vpid fsgsbase tsc_adjust bmi1 avx2 smep bmi2 erms invpcid rdseed adx smap xsaveopt
bugs		:
bogomips	: 1995.40
clflush size	: 64
cache_alignment	: 64
address sizes	: 39 bits physical, 48 bits virtual
power management:



Memory: 4k page, physical 3944692k(27208k free), swap 4090876k(18268k free)

vm_info: Java HotSpot(TM) 64-Bit Server VM (25.77-b03) for linux-amd64 JRE (1.8.0_77-b03), built on Mar 20 2016 22:00:46 by "java_re" with gcc 4.3.0 20080428 (Red Hat 4.3.0-8)

time: Sat Jul  9 22:37:49 2016
elapsed time: 34 seconds (0d 0h 0m 34s)

